Log file open, 02/20/22 16:15:16
LogWindows: Failed to load 'aqProf.dll' (GetLastError=126)
LogWindows: File 'aqProf.dll' does not exist
LogWindows: Failed to load 'VtuneApi.dll' (GetLastError=126)
LogWindows: File 'VtuneApi.dll' does not exist
LogWindows: Failed to load 'VtuneApi32e.dll' (GetLastError=126)
LogWindows: File 'VtuneApi32e.dll' does not exist
LogConsoleResponse: Display: Failed to find resolution value strings in scalability ini. Falling back to default.
LogConsoleResponse: Display: Failed to find resolution value strings in scalability ini. Falling back to default.
LogInit: Display: Running engine for game: CryptCreatures
LogPlatformFile: Not using cached read wrapper
LogTaskGraph: Started task graph with 5 named threads and 47 total threads with 3 sets of task threads.
LogStats: Stats thread started at 0.232216
LogICUInternationalization: ICU TimeZone Detection - Raw Offset: -5:00, Platform Override: ''
LogInit: Display: Loading text-based GConfig....
LogPluginManager: Mounting plugin MeshPainting
LogPluginManager: Mounting plugin XGEController
LogPluginManager: Mounting plugin Paper2D
LogPluginManager: Mounting plugin LiveLink
LogPluginManager: Mounting plugin AISupport
LogPluginManager: Mounting plugin EnvironmentQueryEditor
LogPluginManager: Mounting plugin AnimationSharing
LogPluginManager: Mounting plugin CameraShakePreviewer
LogPluginManager: Mounting plugin LightPropagationVolume
LogPluginManager: Mounting plugin DatasmithContent
LogPluginManager: Mounting plugin OodleData
LogPluginManager: Mounting plugin OodleNetwork
LogPluginManager: Mounting plugin AssetManagerEditor
LogPluginManager: Mounting plugin AutomationUtils
LogPluginManager: Mounting plugin BackChannel
LogPluginManager: Mounting plugin ChaosClothEditor
LogPluginManager: Mounting plugin ChaosCloth
LogPluginManager: Mounting plugin ChaosEditor
LogPluginManager: Mounting plugin ChaosNiagara
LogPluginManager: Mounting plugin ChaosSolverPlugin
LogPluginManager: Mounting plugin CryptoKeys
LogPluginManager: Mounting plugin CharacterAI
LogPluginManager: Mounting plugin CurveEditorTools
LogPluginManager: Mounting plugin DataValidation
LogPluginManager: Mounting plugin FacialAnimation
LogPluginManager: Mounting plugin GeometryMode
LogPluginManager: Mounting plugin GameplayCameras
LogPluginManager: Mounting plugin AlembicImporter
LogPluginManager: Mounting plugin GameplayTagsEditor
LogPluginManager: Mounting plugin Niagara
LogPluginManager: Mounting plugin MacGraphicsSwitching
LogPluginManager: Mounting plugin GeometryCache
LogPluginManager: Mounting plugin MobileLauncherProfileWizard
LogPluginManager: Mounting plugin GeometryCollectionPlugin
LogPluginManager: Mounting plugin SpeedTreeImporter
LogPluginManager: Mounting plugin GeometryProcessing
LogPluginManager: Mounting plugin MaterialAnalyzer
LogPluginManager: Mounting plugin MotoSynth
LogPluginManager: Mounting plugin OpenImageDenoise
LogPluginManager: Mounting plugin PlanarCut
LogPluginManager: Mounting plugin PlatformCrypto
LogPluginManager: Mounting plugin ProxyLODPlugin
LogPluginManager: Mounting plugin PythonScriptPlugin
LogPluginManager: Mounting plugin PluginBrowser
LogPluginManager: Mounting plugin SkeletalReduction
LogPluginManager: Mounting plugin MagicLeap
LogPluginManager: Mounting plugin MagicLeapLightEstimation
LogPluginManager: Mounting plugin MagicLeapMedia
LogPluginManager: Mounting plugin MagicLeapPassableWorld
LogPluginManager: Mounting plugin MLSDK
LogPluginManager: Mounting plugin AndroidMedia
LogPluginManager: Mounting plugin AvfMedia
LogPluginManager: Mounting plugin MediaCompositing
LogPluginManager: Mounting plugin MediaPlayerEditor
LogPluginManager: Mounting plugin VariantManagerContent
LogPluginManager: Mounting plugin WmfMedia
LogPluginManager: Mounting plugin ImgMedia
LogPluginManager: Mounting plugin WebMMedia
LogPluginManager: Mounting plugin TcpMessaging
LogPluginManager: Mounting plugin UdpMessaging
LogPluginManager: Mounting plugin LevelSequenceEditor
LogPluginManager: Mounting plugin MatineeToLevelSequence
LogPluginManager: Mounting plugin LuminPlatformFeatures
LogPluginManager: Mounting plugin OnlineSubsystem
LogPluginManager: Mounting plugin ActorSequence
LogPluginManager: Mounting plugin OnlineSubsystemNull
LogPluginManager: Mounting plugin TemplateSequence
LogPluginManager: Mounting plugin LauncherChunkInstaller
LogPluginManager: Mounting plugin OnlineSubsystemUtils
LogPluginManager: Mounting plugin AndroidDeviceProfileSelector
LogPluginManager: Mounting plugin ActorLayerUtilities
LogPluginManager: Mounting plugin AndroidPermission
LogPluginManager: Mounting plugin AppleImageUtils
LogPluginManager: Mounting plugin ArchVisCharacter
LogPluginManager: Mounting plugin AppleMoviePlayer
LogPluginManager: Mounting plugin AndroidMoviePlayer
LogPluginManager: Mounting plugin AudioCapture
LogPluginManager: Mounting plugin AudioSynesthesia
LogPluginManager: Mounting plugin ChunkDownloader
LogPluginManager: Mounting plugin AssetTags
LogPluginManager: Mounting plugin CableComponent
LogPluginManager: Mounting plugin EditableMesh
LogPluginManager: Mounting plugin ExampleDeviceProfileSelector
LogPluginManager: Mounting plugin GoogleCloudMessaging
LogPluginManager: Mounting plugin CustomMeshComponent
LogPluginManager: Mounting plugin GooglePAD
LogPluginManager: Mounting plugin IOSDeviceProfileSelector
LogPluginManager: Mounting plugin LinuxDeviceProfileSelector
LogPluginManager: Mounting plugin LocationServicesBPLibrary
LogPluginManager: Mounting plugin Takes
LogPluginManager: Mounting plugin MobilePatchingUtils
LogPluginManager: Mounting plugin OpenXR
LogPluginManager: Mounting plugin OpenXREyeTracker
LogPluginManager: Mounting plugin OpenXRHandTracking
LogPluginManager: Mounting plugin PhysXVehicles
LogPluginManager: Mounting plugin ScreenshotTools
LogPluginManager: Mounting plugin PostSplashScreen
LogPluginManager: Mounting plugin ProceduralMeshComponent
LogPluginManager: Mounting plugin PropertyAccessEditor
LogPluginManager: Mounting plugin RuntimePhysXCooking
LogPluginManager: Mounting plugin SignificanceManager
LogPluginManager: Mounting plugin SoundFields
LogPluginManager: Mounting plugin Synthesis
LogPluginManager: Mounting plugin WebMMoviePlayer
LogPluginManager: Mounting plugin WindowsMoviePlayer
LogPluginManager: Mounting plugin CLionSourceCodeAccess
LogPluginManager: Mounting plugin CodeLiteSourceCodeAccess
LogPluginManager: Mounting plugin KDevelopSourceCodeAccess
LogPluginManager: Mounting plugin GitSourceControl
LogPluginManager: Mounting plugin NullSourceCodeAccess
LogPluginManager: Mounting plugin PlasticSourceControl
LogPluginManager: Mounting plugin PixWinPlugin
LogPluginManager: Mounting plugin PluginUtils
LogPluginManager: Mounting plugin PerforceSourceControl
LogPluginManager: Mounting plugin PropertyAccessNode
LogPluginManager: Mounting plugin RiderSourceCodeAccess
LogPluginManager: Mounting plugin SubversionSourceControl
LogPluginManager: Mounting plugin TextureFormatOodle
LogPluginManager: Mounting plugin UObjectPlugin
LogPluginManager: Mounting plugin VisualStudioCodeSourceCodeAccess
LogPluginManager: Mounting plugin XCodeSourceCodeAccess
LogPluginManager: Mounting plugin VisualStudioSourceCodeAccess
LogPluginManager: Mounting plugin ContentBrowserAssetDataSource
LogPluginManager: Mounting plugin ContentBrowserClassDataSource
LogPluginManager: Mounting plugin ContentBrowserFileDataSource
LogPluginManager: Mounting plugin OnlineSubsystemGooglePlay
LogPluginManager: Mounting plugin OnlineSubsystemIOS
LogPluginManager: Mounting plugin OculusVR
LogPluginManager: Mounting plugin SteamVR
LogInit: Using libcurl 7.55.1-DEV
LogInit:  - built for x86_64-pc-win32
LogInit:  - supports SSL with OpenSSL/1.1.1
LogInit:  - supports HTTP deflate (compression) using libz 1.2.8
LogInit:  - other features:
LogInit:      CURL_VERSION_SSL
LogInit:      CURL_VERSION_LIBZ
LogInit:      CURL_VERSION_IPV6
LogInit:      CURL_VERSION_ASYNCHDNS
LogInit:      CURL_VERSION_LARGEFILE
LogInit:      CURL_VERSION_IDN
LogInit:  CurlRequestOptions (configurable via config and command line):
LogInit:  - bVerifyPeer = true  - Libcurl will verify peer certificate
LogInit:  - bUseHttpProxy = false  - Libcurl will NOT use HTTP proxy
LogInit:  - bDontReuseConnections = false  - Libcurl will reuse connections
LogInit:  - MaxHostConnections = 16  - Libcurl will limit the number of connections to a host
LogInit:  - LocalHostAddr = Default
LogInit:  - BufferSize = 65536
LogOnline: OSS: Creating online subsystem instance for: NULL
LogInit: WinSock: version 1.1 (2.2), MaxSocks=32767, MaxUdp=65467
LogOnline: OSS: TryLoadSubsystemAndSetDefault: Loaded subsystem for module [NULL]
PixWinPlugin: PIX capture plugin failed to initialize! Check that the process is launched from PIX.
LogOculusPluginWrapper: OculusPlugin initialized successfully
LogHMD: Failed initializing OVRPlugin 1.59.0
LogInit: Build: ++UE4+Release-4.27-CL-18319896
LogInit: Engine Version: 4.27.2-18319896+++UE4+Release-4.27
LogInit: Compatible Engine Version: 4.27.0-17155196+++UE4+Release-4.27
LogInit: Net CL: 17155196
LogInit: OS: Windows 10 (Release 2009) (), CPU: 11th Gen Intel(R) Core(TM) i7-11700F @ 2.50GHz, GPU: NVIDIA GeForce RTX 3060 Ti
LogInit: Compiled (64-bit): Nov 30 2021 07:12:08
LogInit: Compiled with Visual C++: 19.24.28315.00
LogInit: Build Configuration: Development
LogInit: Branch Name: ++UE4+Release-4.27
LogInit: Command Line:  /Game/Levels/Battle -game -PIEVIACONSOLE -Multiprocess GameUserSettingsINI=C:/Users/udayk/Documents/GitHub/CryptCreatures/CryptCreatures/Saved/Config/Windows/PIEGameUserSettings0.ini -MultiprocessSaveConfig -forcepassthrough -messaging -SessionName="Play in Standalone Game" -windowed -ResX=1280 -ResY=720
LogInit: Base Directory: C:/Program Files/Epic Games/UE_4.27/Engine/Binaries/Win64/
LogInit: Allocator: TBB
LogInit: Installed Engine Build: 1
LogDevObjectVersion: Number of dev versions registered: 29
LogDevObjectVersion:   Dev-Blueprints (B0D832E4-1F89-4F0D-ACCF-7EB736FD4AA2): 10
LogDevObjectVersion:   Dev-Build (E1C64328-A22C-4D53-A36C-8E866417BD8C): 0
LogDevObjectVersion:   Dev-Core (375EC13C-06E4-48FB-B500-84F0262A717E): 4
LogDevObjectVersion:   Dev-Editor (E4B068ED-F494-42E9-A231-DA0B2E46BB41): 40
LogDevObjectVersion:   Dev-Framework (CFFC743F-43B0-4480-9391-14DF171D2073): 37
LogDevObjectVersion:   Dev-Mobile (B02B49B5-BB20-44E9-A304-32B752E40360): 3
LogDevObjectVersion:   Dev-Networking (A4E4105C-59A1-49B5-A7C5-40C4547EDFEE): 0
LogDevObjectVersion:   Dev-Online (39C831C9-5AE6-47DC-9A44-9C173E1C8E7C): 0
LogDevObjectVersion:   Dev-Physics (78F01B33-EBEA-4F98-B9B4-84EACCB95AA2): 14
LogDevObjectVersion:   Dev-Platform (6631380F-2D4D-43E0-8009-CF276956A95A): 0
LogDevObjectVersion:   Dev-Rendering (12F88B9F-8875-4AFC-A67C-D90C383ABD29): 45
LogDevObjectVersion:   Dev-Sequencer (7B5AE74C-D270-4C10-A958-57980B212A5A): 13
LogDevObjectVersion:   Dev-VR (D7296918-1DD6-4BDD-9DE2-64A83CC13884): 3
LogDevObjectVersion:   Dev-LoadTimes (C2A15278-BFE7-4AFE-6C17-90FF531DF755): 1
LogDevObjectVersion:   Private-Geometry (6EACA3D4-40EC-4CC1-B786-8BED09428FC5): 3
LogDevObjectVersion:   Dev-AnimPhys (29E575DD-E0A3-4627-9D10-D276232CDCEA): 17
LogDevObjectVersion:   Dev-Anim (AF43A65D-7FD3-4947-9873-3E8ED9C1BB05): 15
LogDevObjectVersion:   Dev-ReflectionCapture (6B266CEC-1EC7-4B8F-A30B-E4D90942FC07): 1
LogDevObjectVersion:   Dev-Automation (0DF73D61-A23F-47EA-B727-89E90C41499A): 1
LogDevObjectVersion:   FortniteMain (601D1886-AC64-4F84-AA16-D3DE0DEAC7D6): 47
LogDevObjectVersion:   FortniteRelease (E7086368-6B23-4C58-8439-1B7016265E91): 1
LogDevObjectVersion:   Dev-Enterprise (9DFFBCD6-494F-0158-E221-12823C92A888): 10
LogDevObjectVersion:   Dev-Niagara (F2AED0AC-9AFE-416F-8664-AA7FFA26D6FC): 1
LogDevObjectVersion:   Dev-Destruction (174F1F0B-B4C6-45A5-B13F-2EE8D0FB917D): 10
LogDevObjectVersion:   Dev-Physics-Ext (35F94A83-E258-406C-A318-09F59610247C): 41
LogDevObjectVersion:   Dev-PhysicsMaterial-Chaos (B68FC16E-8B1B-42E2-B453-215C058844FE): 1
LogDevObjectVersion:   Dev-CineCamera (B2E18506-4273-CFC2-A54E-F4BB758BBA07): 1
LogDevObjectVersion:   Dev-VirtualProduction (64F58936-FD1B-42BA-BA96-7289D5D0FA4E): 1
LogDevObjectVersion:   Dev-MediaFramework (6F0ED827-A609-4895-9C91-998D90180EA4): 2
LogInit: Presizing for max 25165824 objects, including 0 objects not considered by GC, pre-allocating 0 bytes for permanent pool.
LogConfig: Applying CVar settings from Section [/Script/Engine.StreamingSettings] File [C:/Users/udayk/Documents/GitHub/CryptCreatures/CryptCreatures/Saved/Config/Windows/Engine.ini]
LogConfig: Setting CVar [[s.MinBulkDataSizeForAsyncLoading:131072]]
LogConfig: Setting CVar [[s.AsyncLoadingThreadEnabled:0]]
LogConfig: Setting CVar [[s.EventDrivenLoaderEnabled:1]]
LogConfig: Setting CVar [[s.WarnIfTimeLimitExceeded:0]]
LogConfig: Setting CVar [[s.TimeLimitExceededMultiplier:1.5]]
LogConfig: Setting CVar [[s.TimeLimitExceededMinTime:0.005]]
LogConfig: Setting CVar [[s.UseBackgroundLevelStreaming:1]]
LogConfig: Setting CVar [[s.PriorityAsyncLoadingExtraTime:15.0]]
LogConfig: Setting CVar [[s.LevelStreamingActorsUpdateTimeLimit:5.0]]
LogConfig: Setting CVar [[s.PriorityLevelStreamingActorsUpdateExtraTime:5.0]]
LogConfig: Setting CVar [[s.LevelStreamingComponentsRegistrationGranularity:10]]
LogConfig: Setting CVar [[s.UnregisterComponentsTimeLimit:1.0]]
LogConfig: Setting CVar [[s.LevelStreamingComponentsUnregistrationGranularity:5]]
LogConfig: Setting CVar [[s.FlushStreamingOnExit:1]]
LogInit: Object subsystem initialized
LogConfig: Setting CVar [[con.DebugEarlyDefault:1]]
LogConfig: Setting CVar [[r.setres:1280x720]]
[2022.02.20-21.15.17:340][  0]LogConfig: Setting CVar [[con.DebugEarlyDefault:1]]
[2022.02.20-21.15.17:340][  0]LogConfig: Setting CVar [[r.setres:1280x720]]
[2022.02.20-21.15.17:340][  0]LogConfig: Applying CVar settings from Section [/Script/Engine.RendererSettings] File [C:/Users/udayk/Documents/GitHub/CryptCreatures/CryptCreatures/Saved/Config/Windows/Engine.ini]
[2022.02.20-21.15.17:340][  0]LogConfig: Setting CVar [[r.GPUCrashDebugging:0]]
[2022.02.20-21.15.17:340][  0]LogConfig: Setting CVar [[r.MobileHDR:0]]
[2022.02.20-21.15.17:340][  0]LogConfig: Setting CVar [[r.ForwardShading:1]]
[2022.02.20-21.15.17:340][  0]LogConfig: Setting CVar [[r.MinScreenRadiusForLights:0.000000]]
[2022.02.20-21.15.17:340][  0]LogConfig: Applying CVar settings from Section [/Script/Engine.RendererOverrideSettings] File [C:/Users/udayk/Documents/GitHub/CryptCreatures/CryptCreatures/Saved/Config/Windows/Engine.ini]
[2022.02.20-21.15.17:340][  0]LogConfig: Applying CVar settings from Section [/Script/Engine.StreamingSettings] File [C:/Users/udayk/Documents/GitHub/CryptCreatures/CryptCreatures/Saved/Config/Windows/Engine.ini]
[2022.02.20-21.15.17:340][  0]LogConfig: Setting CVar [[s.MinBulkDataSizeForAsyncLoading:131072]]
[2022.02.20-21.15.17:340][  0]LogConfig: Setting CVar [[s.AsyncLoadingThreadEnabled:0]]
[2022.02.20-21.15.17:340][  0]LogConfig: Setting CVar [[s.EventDrivenLoaderEnabled:1]]
[2022.02.20-21.15.17:340][  0]LogConfig: Setting CVar [[s.WarnIfTimeLimitExceeded:0]]
[2022.02.20-21.15.17:340][  0]LogConfig: Setting CVar [[s.TimeLimitExceededMultiplier:1.5]]
[2022.02.20-21.15.17:340][  0]LogConfig: Setting CVar [[s.TimeLimitExceededMinTime:0.005]]
[2022.02.20-21.15.17:340][  0]LogConfig: Setting CVar [[s.UseBackgroundLevelStreaming:1]]
[2022.02.20-21.15.17:340][  0]LogConfig: Setting CVar [[s.PriorityAsyncLoadingExtraTime:15.0]]
[2022.02.20-21.15.17:340][  0]LogConfig: Setting CVar [[s.LevelStreamingActorsUpdateTimeLimit:5.0]]
[2022.02.20-21.15.17:340][  0]LogConfig: Setting CVar [[s.PriorityLevelStreamingActorsUpdateExtraTime:5.0]]
[2022.02.20-21.15.17:340][  0]LogConfig: Setting CVar [[s.LevelStreamingComponentsRegistrationGranularity:10]]
[2022.02.20-21.15.17:340][  0]LogConfig: Setting CVar [[s.UnregisterComponentsTimeLimit:1.0]]
[2022.02.20-21.15.17:340][  0]LogConfig: Setting CVar [[s.LevelStreamingComponentsUnregistrationGranularity:5]]
[2022.02.20-21.15.17:341][  0]LogConfig: Setting CVar [[s.FlushStreamingOnExit:1]]
[2022.02.20-21.15.17:341][  0]LogConfig: Applying CVar settings from Section [/Script/Engine.GarbageCollectionSettings] File [C:/Users/udayk/Documents/GitHub/CryptCreatures/CryptCreatures/Saved/Config/Windows/Engine.ini]
[2022.02.20-21.15.17:341][  0]LogConfig: Setting CVar [[gc.MaxObjectsNotConsideredByGC:1]]
[2022.02.20-21.15.17:341][  0]LogConfig: Setting CVar [[gc.SizeOfPermanentObjectPool:0]]
[2022.02.20-21.15.17:341][  0]LogConfig: Setting CVar [[gc.FlushStreamingOnGC:0]]
[2022.02.20-21.15.17:341][  0]LogConfig: Setting CVar [[gc.NumRetriesBeforeForcingGC:10]]
[2022.02.20-21.15.17:341][  0]LogConfig: Setting CVar [[gc.AllowParallelGC:1]]
[2022.02.20-21.15.17:341][  0]LogConfig: Setting CVar [[gc.TimeBetweenPurgingPendingKillObjects:61.1]]
[2022.02.20-21.15.17:341][  0]LogConfig: Setting CVar [[gc.MaxObjectsInEditor:25165824]]
[2022.02.20-21.15.17:341][  0]LogConfig: Setting CVar [[gc.IncrementalBeginDestroyEnabled:1]]
[2022.02.20-21.15.17:341][  0]LogConfig: Setting CVar [[gc.CreateGCClusters:1]]
[2022.02.20-21.15.17:341][  0]LogConfig: Setting CVar [[gc.MinGCClusterSize:5]]
[2022.02.20-21.15.17:341][  0]LogConfig: Setting CVar [[gc.ActorClusteringEnabled:0]]
[2022.02.20-21.15.17:341][  0]LogConfig: Setting CVar [[gc.BlueprintClusteringEnabled:0]]
[2022.02.20-21.15.17:341][  0]LogConfig: Setting CVar [[gc.UseDisregardForGCOnDedicatedServers:0]]
[2022.02.20-21.15.17:341][  0]LogConfig: Setting CVar [[gc.MultithreadedDestructionEnabled:1]]
[2022.02.20-21.15.17:341][  0]LogConfig: Applying CVar settings from Section [/Script/Engine.NetworkSettings] File [C:/Users/udayk/Documents/GitHub/CryptCreatures/CryptCreatures/Saved/Config/Windows/Engine.ini]
[2022.02.20-21.15.17:341][  0]LogConfig: Applying CVar settings from Section [/Script/UnrealEd.CookerSettings] File [C:/Users/udayk/Documents/GitHub/CryptCreatures/CryptCreatures/Saved/Config/Windows/Engine.ini]
[2022.02.20-21.15.17:347][  0]LogConfig: Applying CVar settings from Section [ViewDistanceQuality@3] File [C:/Users/udayk/Documents/GitHub/CryptCreatures/CryptCreatures/Saved/Config/Windows/Scalability.ini]
[2022.02.20-21.15.17:347][  0]LogConfig: Setting CVar [[r.SkeletalMeshLODBias:0]]
[2022.02.20-21.15.17:347][  0]LogConfig: Setting CVar [[r.ViewDistanceScale:1.0]]
[2022.02.20-21.15.17:347][  0]LogConfig: Applying CVar settings from Section [AntiAliasingQuality@3] File [C:/Users/udayk/Documents/GitHub/CryptCreatures/CryptCreatures/Saved/Config/Windows/Scalability.ini]
[2022.02.20-21.15.17:347][  0]LogConfig: Setting CVar [[r.PostProcessAAQuality:4]]
[2022.02.20-21.15.17:347][  0]LogConfig: Applying CVar settings from Section [ShadowQuality@3] File [C:/Users/udayk/Documents/GitHub/CryptCreatures/CryptCreatures/Saved/Config/Windows/Scalability.ini]
[2022.02.20-21.15.17:347][  0]LogConfig: Setting CVar [[r.LightFunctionQuality:1]]
[2022.02.20-21.15.17:347][  0]LogConfig: Setting CVar [[r.ShadowQuality:5]]
[2022.02.20-21.15.17:347][  0]LogConfig: Setting CVar [[r.Shadow.CSM.MaxCascades:10]]
[2022.02.20-21.15.17:347][  0]LogConfig: Setting CVar [[r.Shadow.MaxResolution:2048]]
[2022.02.20-21.15.17:347][  0]LogConfig: Setting CVar [[r.Shadow.MaxCSMResolution:2048]]
[2022.02.20-21.15.17:347][  0]LogConfig: Setting CVar [[r.Shadow.RadiusThreshold:0.01]]
[2022.02.20-21.15.17:347][  0]LogConfig: Setting CVar [[r.Shadow.DistanceScale:1.0]]
[2022.02.20-21.15.17:347][  0]LogConfig: Setting CVar [[r.Shadow.CSM.TransitionScale:1.0]]
[2022.02.20-21.15.17:347][  0]LogConfig: Setting CVar [[r.Shadow.PreShadowResolutionFactor:1.0]]
[2022.02.20-21.15.17:347][  0]LogConfig: Setting CVar [[r.DistanceFieldShadowing:1]]
[2022.02.20-21.15.17:347][  0]LogConfig: Setting CVar [[r.DistanceFieldAO:1]]
[2022.02.20-21.15.17:347][  0]LogConfig: Setting CVar [[r.AOQuality:2]]
[2022.02.20-21.15.17:347][  0]LogConfig: Setting CVar [[r.VolumetricFog:1]]
[2022.02.20-21.15.17:347][  0]LogConfig: Setting CVar [[r.VolumetricFog.GridPixelSize:8]]
[2022.02.20-21.15.17:347][  0]LogConfig: Setting CVar [[r.VolumetricFog.GridSizeZ:128]]
[2022.02.20-21.15.17:347][  0]LogConfig: Setting CVar [[r.VolumetricFog.HistoryMissSupersampleCount:4]]
[2022.02.20-21.15.17:347][  0]LogConfig: Setting CVar [[r.LightMaxDrawDistanceScale:1]]
[2022.02.20-21.15.17:347][  0]LogConfig: Setting CVar [[r.CapsuleShadows:1]]
[2022.02.20-21.15.17:347][  0]LogConfig: Applying CVar settings from Section [PostProcessQuality@3] File [C:/Users/udayk/Documents/GitHub/CryptCreatures/CryptCreatures/Saved/Config/Windows/Scalability.ini]
[2022.02.20-21.15.17:347][  0]LogConfig: Setting CVar [[r.MotionBlurQuality:4]]
[2022.02.20-21.15.17:347][  0]LogConfig: Setting CVar [[r.AmbientOcclusionMipLevelFactor:0.4]]
[2022.02.20-21.15.17:347][  0]LogConfig: Setting CVar [[r.AmbientOcclusionMaxQuality:100]]
[2022.02.20-21.15.17:347][  0]LogConfig: Setting CVar [[r.AmbientOcclusionLevels:-1]]
[2022.02.20-21.15.17:347][  0]LogConfig: Setting CVar [[r.AmbientOcclusionRadiusScale:1.0]]
[2022.02.20-21.15.17:347][  0]LogConfig: Setting CVar [[r.DepthOfFieldQuality:2]]
[2022.02.20-21.15.17:347][  0]LogConfig: Setting CVar [[r.RenderTargetPoolMin:400]]
[2022.02.20-21.15.17:347][  0]LogConfig: Setting CVar [[r.LensFlareQuality:2]]
[2022.02.20-21.15.17:347][  0]LogConfig: Setting CVar [[r.SceneColorFringeQuality:1]]
[2022.02.20-21.15.17:347][  0]LogConfig: Setting CVar [[r.EyeAdaptationQuality:2]]
[2022.02.20-21.15.17:347][  0]LogConfig: Setting CVar [[r.BloomQuality:5]]
[2022.02.20-21.15.17:347][  0]LogConfig: Setting CVar [[r.FastBlurThreshold:100]]
[2022.02.20-21.15.17:347][  0]LogConfig: Setting CVar [[r.Upscale.Quality:3]]
[2022.02.20-21.15.17:347][  0]LogConfig: Setting CVar [[r.Tonemapper.GrainQuantization:1]]
[2022.02.20-21.15.17:347][  0]LogConfig: Setting CVar [[r.LightShaftQuality:1]]
[2022.02.20-21.15.17:347][  0]LogConfig: Setting CVar [[r.Filter.SizeScale:1]]
[2022.02.20-21.15.17:347][  0]LogConfig: Setting CVar [[r.Tonemapper.Quality:5]]
[2022.02.20-21.15.17:347][  0]LogConfig: Setting CVar [[r.DOF.Gather.AccumulatorQuality:1        ; higher gathering accumulator quality]]
[2022.02.20-21.15.17:347][  0]LogConfig: Setting CVar [[r.DOF.Gather.PostfilterMethod:1          ; Median3x3 postfilering method]]
[2022.02.20-21.15.17:347][  0]LogConfig: Setting CVar [[r.DOF.Gather.EnableBokehSettings:0       ; no bokeh simulation when gathering]]
[2022.02.20-21.15.17:347][  0]LogConfig: Setting CVar [[r.DOF.Gather.RingCount:4                 ; medium number of samples when gathering]]
[2022.02.20-21.15.17:347][  0]LogConfig: Setting CVar [[r.DOF.Scatter.ForegroundCompositing:1    ; additive foreground scattering]]
[2022.02.20-21.15.17:347][  0]LogConfig: Setting CVar [[r.DOF.Scatter.BackgroundCompositing:2    ; additive background scattering]]
[2022.02.20-21.15.17:347][  0]LogConfig: Setting CVar [[r.DOF.Scatter.EnableBokehSettings:1      ; bokeh simulation when scattering]]
[2022.02.20-21.15.17:347][  0]LogConfig: Setting CVar [[r.DOF.Scatter.MaxSpriteRatio:0.1         ; only a maximum of 10% of scattered bokeh]]
[2022.02.20-21.15.17:347][  0]LogConfig: Setting CVar [[r.DOF.Recombine.Quality:1                ; cheap slight out of focus]]
[2022.02.20-21.15.17:347][  0]LogConfig: Setting CVar [[r.DOF.Recombine.EnableBokehSettings:0    ; no bokeh simulation on slight out of focus]]
[2022.02.20-21.15.17:347][  0]LogConfig: Setting CVar [[r.DOF.TemporalAAQuality:1                ; more stable temporal accumulation]]
[2022.02.20-21.15.17:347][  0]LogConfig: Setting CVar [[r.DOF.Kernel.MaxForegroundRadius:0.025]]
[2022.02.20-21.15.17:347][  0]LogConfig: Setting CVar [[r.DOF.Kernel.MaxBackgroundRadius:0.025]]
[2022.02.20-21.15.17:347][  0]LogConfig: Applying CVar settings from Section [TextureQuality@3] File [C:/Users/udayk/Documents/GitHub/CryptCreatures/CryptCreatures/Saved/Config/Windows/Scalability.ini]
[2022.02.20-21.15.17:347][  0]LogConfig: Setting CVar [[r.Streaming.MipBias:0]]
[2022.02.20-21.15.17:347][  0]LogConfig: Setting CVar [[r.Streaming.AmortizeCPUToGPUCopy:0]]
[2022.02.20-21.15.17:347][  0]LogConfig: Setting CVar [[r.Streaming.MaxNumTexturesToStreamPerFrame:0]]
[2022.02.20-21.15.17:347][  0]LogConfig: Setting CVar [[r.Streaming.Boost:1]]
[2022.02.20-21.15.17:347][  0]LogConfig: Setting CVar [[r.MaxAnisotropy:8]]
[2022.02.20-21.15.17:348][  0]LogConfig: Setting CVar [[r.VT.MaxAnisotropy:8]]
[2022.02.20-21.15.17:348][  0]LogConfig: Setting CVar [[r.Streaming.LimitPoolSizeToVRAM:0]]
[2022.02.20-21.15.17:348][  0]LogConfig: Setting CVar [[r.Streaming.PoolSize:1000]]
[2022.02.20-21.15.17:348][  0]LogConfig: Setting CVar [[r.Streaming.MaxEffectiveScreenSize:0]]
[2022.02.20-21.15.17:348][  0]LogConfig: Applying CVar settings from Section [EffectsQuality@3] File [C:/Users/udayk/Documents/GitHub/CryptCreatures/CryptCreatures/Saved/Config/Windows/Scalability.ini]
[2022.02.20-21.15.17:348][  0]LogConfig: Setting CVar [[r.TranslucencyLightingVolumeDim:64]]
[2022.02.20-21.15.17:348][  0]LogConfig: Setting CVar [[r.RefractionQuality:2]]
[2022.02.20-21.15.17:348][  0]LogConfig: Setting CVar [[r.SSR.Quality:3]]
[2022.02.20-21.15.17:348][  0]LogConfig: Setting CVar [[r.SSR.HalfResSceneColor:0]]
[2022.02.20-21.15.17:348][  0]LogConfig: Setting CVar [[r.SceneColorFormat:4]]
[2022.02.20-21.15.17:348][  0]LogConfig: Setting CVar [[r.DetailMode:2]]
[2022.02.20-21.15.17:348][  0]LogConfig: Setting CVar [[r.TranslucencyVolumeBlur:1]]
[2022.02.20-21.15.17:348][  0]LogConfig: Setting CVar [[r.MaterialQualityLevel:1 ; High quality]]
[2022.02.20-21.15.17:348][  0]LogConfig: Setting CVar [[r.AnisotropicMaterials:1]]
[2022.02.20-21.15.17:348][  0]LogConfig: Setting CVar [[r.SSS.Scale:1]]
[2022.02.20-21.15.17:348][  0]LogConfig: Setting CVar [[r.SSS.SampleSet:2]]
[2022.02.20-21.15.17:348][  0]LogConfig: Setting CVar [[r.SSS.Quality:1]]
[2022.02.20-21.15.17:348][  0]LogConfig: Setting CVar [[r.SSS.HalfRes:0]]
[2022.02.20-21.15.17:348][  0]LogConfig: Setting CVar [[r.SSGI.Quality:3]]
[2022.02.20-21.15.17:348][  0]LogConfig: Setting CVar [[r.EmitterSpawnRateScale:1.0]]
[2022.02.20-21.15.17:348][  0]LogConfig: Setting CVar [[r.ParticleLightQuality:2]]
[2022.02.20-21.15.17:348][  0]LogConfig: Setting CVar [[r.SkyAtmosphere.AerialPerspectiveLUT.FastApplyOnOpaque:1 ; Always have FastSkyLUT 1 in this case to avoid wrong sky]]
[2022.02.20-21.15.17:348][  0]LogConfig: Setting CVar [[r.SkyAtmosphere.AerialPerspectiveLUT.SampleCountMaxPerSlice:4]]
[2022.02.20-21.15.17:348][  0]LogConfig: Setting CVar [[r.SkyAtmosphere.AerialPerspectiveLUT.DepthResolution:16.0]]
[2022.02.20-21.15.17:348][  0]LogConfig: Setting CVar [[r.SkyAtmosphere.FastSkyLUT:1]]
[2022.02.20-21.15.17:348][  0]LogConfig: Setting CVar [[r.SkyAtmosphere.FastSkyLUT.SampleCountMin:4.0]]
[2022.02.20-21.15.17:348][  0]LogConfig: Setting CVar [[r.SkyAtmosphere.FastSkyLUT.SampleCountMax:128.0]]
[2022.02.20-21.15.17:348][  0]LogConfig: Setting CVar [[r.SkyAtmosphere.SampleCountMin:4.0]]
[2022.02.20-21.15.17:348][  0]LogConfig: Setting CVar [[r.SkyAtmosphere.SampleCountMax:128.0]]
[2022.02.20-21.15.17:348][  0]LogConfig: Setting CVar [[r.SkyAtmosphere.TransmittanceLUT.UseSmallFormat:0]]
[2022.02.20-21.15.17:348][  0]LogConfig: Setting CVar [[r.SkyAtmosphere.TransmittanceLUT.SampleCount:10.0]]
[2022.02.20-21.15.17:348][  0]LogConfig: Setting CVar [[r.SkyAtmosphere.MultiScatteringLUT.SampleCount:15.0]]
[2022.02.20-21.15.17:348][  0]LogConfig: Setting CVar [[r.SkyLight.RealTimeReflectionCapture:1]]
[2022.02.20-21.15.17:348][  0]LogConfig: Applying CVar settings from Section [FoliageQuality@3] File [C:/Users/udayk/Documents/GitHub/CryptCreatures/CryptCreatures/Saved/Config/Windows/Scalability.ini]
[2022.02.20-21.15.17:348][  0]LogConfig: Setting CVar [[foliage.DensityScale:1.0]]
[2022.02.20-21.15.17:348][  0]LogConfig: Setting CVar [[grass.DensityScale:1.0]]
[2022.02.20-21.15.17:348][  0]LogConfig: Applying CVar settings from Section [ShadingQuality@3] File [C:/Users/udayk/Documents/GitHub/CryptCreatures/CryptCreatures/Saved/Config/Windows/Scalability.ini]
[2022.02.20-21.15.17:348][  0]LogConfig: Setting CVar [[r.HairStrands.SkyLighting.IntegrationType:2]]
[2022.02.20-21.15.17:348][  0]LogConfig: Setting CVar [[r.HairStrands.SkyAO.SampleCount:4]]
[2022.02.20-21.15.17:348][  0]LogConfig: Setting CVar [[r.HairStrands.Visibility.MSAA.SamplePerPixel:4]]
[2022.02.20-21.15.17:348][  0]LogInit: Selected Device Profile: [Windows]
[2022.02.20-21.15.17:348][  0]LogInit: Applying CVar settings loaded from the selected device profile: [Windows]
[2022.02.20-21.15.17:348][  0]LogHAL: Display: Platform has ~ 16 GB [16839868416 / 17179869184 / 16], which maps to Larger [LargestMinGB=32, LargerMinGB=12, DefaultMinGB=8, SmallerMinGB=6, SmallestMinGB=0)
[2022.02.20-21.15.17:348][  0]LogInit: Going up to parent DeviceProfile []
[2022.02.20-21.15.17:348][  0]LogConfig: Applying CVar settings from Section [ViewDistanceQuality@3] File [C:/Users/udayk/Documents/GitHub/CryptCreatures/CryptCreatures/Saved/Config/Windows/Scalability.ini]
[2022.02.20-21.15.17:348][  0]LogConfig: Setting CVar [[r.SkeletalMeshLODBias:0]]
[2022.02.20-21.15.17:348][  0]LogConfig: Setting CVar [[r.ViewDistanceScale:1.0]]
[2022.02.20-21.15.17:348][  0]LogConfig: Applying CVar settings from Section [AntiAliasingQuality@3] File [C:/Users/udayk/Documents/GitHub/CryptCreatures/CryptCreatures/Saved/Config/Windows/Scalability.ini]
[2022.02.20-21.15.17:348][  0]LogConfig: Setting CVar [[r.PostProcessAAQuality:4]]
[2022.02.20-21.15.17:348][  0]LogConfig: Applying CVar settings from Section [ShadowQuality@3] File [C:/Users/udayk/Documents/GitHub/CryptCreatures/CryptCreatures/Saved/Config/Windows/Scalability.ini]
[2022.02.20-21.15.17:348][  0]LogConfig: Setting CVar [[r.LightFunctionQuality:1]]
[2022.02.20-21.15.17:348][  0]LogConfig: Setting CVar [[r.ShadowQuality:5]]
[2022.02.20-21.15.17:348][  0]LogConfig: Setting CVar [[r.Shadow.CSM.MaxCascades:10]]
[2022.02.20-21.15.17:348][  0]LogConfig: Setting CVar [[r.Shadow.MaxResolution:2048]]
[2022.02.20-21.15.17:348][  0]LogConfig: Setting CVar [[r.Shadow.MaxCSMResolution:2048]]
[2022.02.20-21.15.17:348][  0]LogConfig: Setting CVar [[r.Shadow.RadiusThreshold:0.01]]
[2022.02.20-21.15.17:348][  0]LogConfig: Setting CVar [[r.Shadow.DistanceScale:1.0]]
[2022.02.20-21.15.17:348][  0]LogConfig: Setting CVar [[r.Shadow.CSM.TransitionScale:1.0]]
[2022.02.20-21.15.17:348][  0]LogConfig: Setting CVar [[r.Shadow.PreShadowResolutionFactor:1.0]]
[2022.02.20-21.15.17:348][  0]LogConfig: Setting CVar [[r.DistanceFieldShadowing:1]]
[2022.02.20-21.15.17:348][  0]LogConfig: Setting CVar [[r.DistanceFieldAO:1]]
[2022.02.20-21.15.17:348][  0]LogConfig: Setting CVar [[r.AOQuality:2]]
[2022.02.20-21.15.17:348][  0]LogConfig: Setting CVar [[r.VolumetricFog:1]]
[2022.02.20-21.15.17:348][  0]LogConfig: Setting CVar [[r.VolumetricFog.GridPixelSize:8]]
[2022.02.20-21.15.17:348][  0]LogConfig: Setting CVar [[r.VolumetricFog.GridSizeZ:128]]
[2022.02.20-21.15.17:348][  0]LogConfig: Setting CVar [[r.VolumetricFog.HistoryMissSupersampleCount:4]]
[2022.02.20-21.15.17:348][  0]LogConfig: Setting CVar [[r.LightMaxDrawDistanceScale:1]]
[2022.02.20-21.15.17:348][  0]LogConfig: Setting CVar [[r.CapsuleShadows:1]]
[2022.02.20-21.15.17:348][  0]LogConfig: Applying CVar settings from Section [PostProcessQuality@3] File [C:/Users/udayk/Documents/GitHub/CryptCreatures/CryptCreatures/Saved/Config/Windows/Scalability.ini]
[2022.02.20-21.15.17:348][  0]LogConfig: Setting CVar [[r.MotionBlurQuality:4]]
[2022.02.20-21.15.17:348][  0]LogConfig: Setting CVar [[r.AmbientOcclusionMipLevelFactor:0.4]]
[2022.02.20-21.15.17:348][  0]LogConfig: Setting CVar [[r.AmbientOcclusionMaxQuality:100]]
[2022.02.20-21.15.17:348][  0]LogConfig: Setting CVar [[r.AmbientOcclusionLevels:-1]]
[2022.02.20-21.15.17:348][  0]LogConfig: Setting CVar [[r.AmbientOcclusionRadiusScale:1.0]]
[2022.02.20-21.15.17:348][  0]LogConfig: Setting CVar [[r.DepthOfFieldQuality:2]]
[2022.02.20-21.15.17:348][  0]LogConfig: Setting CVar [[r.RenderTargetPoolMin:400]]
[2022.02.20-21.15.17:348][  0]LogConfig: Setting CVar [[r.LensFlareQuality:2]]
[2022.02.20-21.15.17:348][  0]LogConfig: Setting CVar [[r.SceneColorFringeQuality:1]]
[2022.02.20-21.15.17:348][  0]LogConfig: Setting CVar [[r.EyeAdaptationQuality:2]]
[2022.02.20-21.15.17:348][  0]LogConfig: Setting CVar [[r.BloomQuality:5]]
[2022.02.20-21.15.17:348][  0]LogConfig: Setting CVar [[r.FastBlurThreshold:100]]
[2022.02.20-21.15.17:348][  0]LogConfig: Setting CVar [[r.Upscale.Quality:3]]
[2022.02.20-21.15.17:348][  0]LogConfig: Setting CVar [[r.Tonemapper.GrainQuantization:1]]
[2022.02.20-21.15.17:348][  0]LogConfig: Setting CVar [[r.LightShaftQuality:1]]
[2022.02.20-21.15.17:348][  0]LogConfig: Setting CVar [[r.Filter.SizeScale:1]]
[2022.02.20-21.15.17:348][  0]LogConfig: Setting CVar [[r.Tonemapper.Quality:5]]
[2022.02.20-21.15.17:348][  0]LogConfig: Setting CVar [[r.DOF.Gather.AccumulatorQuality:1        ; higher gathering accumulator quality]]
[2022.02.20-21.15.17:348][  0]LogConfig: Setting CVar [[r.DOF.Gather.PostfilterMethod:1          ; Median3x3 postfilering method]]
[2022.02.20-21.15.17:348][  0]LogConfig: Setting CVar [[r.DOF.Gather.EnableBokehSettings:0       ; no bokeh simulation when gathering]]
[2022.02.20-21.15.17:348][  0]LogConfig: Setting CVar [[r.DOF.Gather.RingCount:4                 ; medium number of samples when gathering]]
[2022.02.20-21.15.17:348][  0]LogConfig: Setting CVar [[r.DOF.Scatter.ForegroundCompositing:1    ; additive foreground scattering]]
[2022.02.20-21.15.17:348][  0]LogConfig: Setting CVar [[r.DOF.Scatter.BackgroundCompositing:2    ; additive background scattering]]
[2022.02.20-21.15.17:348][  0]LogConfig: Setting CVar [[r.DOF.Scatter.EnableBokehSettings:1      ; bokeh simulation when scattering]]
[2022.02.20-21.15.17:348][  0]LogConfig: Setting CVar [[r.DOF.Scatter.MaxSpriteRatio:0.1         ; only a maximum of 10% of scattered bokeh]]
[2022.02.20-21.15.17:348][  0]LogConfig: Setting CVar [[r.DOF.Recombine.Quality:1                ; cheap slight out of focus]]
[2022.02.20-21.15.17:348][  0]LogConfig: Setting CVar [[r.DOF.Recombine.EnableBokehSettings:0    ; no bokeh simulation on slight out of focus]]
[2022.02.20-21.15.17:348][  0]LogConfig: Setting CVar [[r.DOF.TemporalAAQuality:1                ; more stable temporal accumulation]]
[2022.02.20-21.15.17:348][  0]LogConfig: Setting CVar [[r.DOF.Kernel.MaxForegroundRadius:0.025]]
[2022.02.20-21.15.17:348][  0]LogConfig: Setting CVar [[r.DOF.Kernel.MaxBackgroundRadius:0.025]]
[2022.02.20-21.15.17:348][  0]LogConfig: Applying CVar settings from Section [TextureQuality@3] File [C:/Users/udayk/Documents/GitHub/CryptCreatures/CryptCreatures/Saved/Config/Windows/Scalability.ini]
[2022.02.20-21.15.17:348][  0]LogConfig: Setting CVar [[r.Streaming.MipBias:0]]
[2022.02.20-21.15.17:349][  0]LogConfig: Setting CVar [[r.Streaming.AmortizeCPUToGPUCopy:0]]
[2022.02.20-21.15.17:349][  0]LogConfig: Setting CVar [[r.Streaming.MaxNumTexturesToStreamPerFrame:0]]
[2022.02.20-21.15.17:349][  0]LogConfig: Setting CVar [[r.Streaming.Boost:1]]
[2022.02.20-21.15.17:349][  0]LogConfig: Setting CVar [[r.MaxAnisotropy:8]]
[2022.02.20-21.15.17:349][  0]LogConfig: Setting CVar [[r.VT.MaxAnisotropy:8]]
[2022.02.20-21.15.17:349][  0]LogConfig: Setting CVar [[r.Streaming.LimitPoolSizeToVRAM:0]]
[2022.02.20-21.15.17:349][  0]LogConfig: Setting CVar [[r.Streaming.PoolSize:1000]]
[2022.02.20-21.15.17:349][  0]LogConfig: Setting CVar [[r.Streaming.MaxEffectiveScreenSize:0]]
[2022.02.20-21.15.17:349][  0]LogConfig: Applying CVar settings from Section [EffectsQuality@3] File [C:/Users/udayk/Documents/GitHub/CryptCreatures/CryptCreatures/Saved/Config/Windows/Scalability.ini]
[2022.02.20-21.15.17:349][  0]LogConfig: Setting CVar [[r.TranslucencyLightingVolumeDim:64]]
[2022.02.20-21.15.17:349][  0]LogConfig: Setting CVar [[r.RefractionQuality:2]]
[2022.02.20-21.15.17:349][  0]LogConfig: Setting CVar [[r.SSR.Quality:3]]
[2022.02.20-21.15.17:349][  0]LogConfig: Setting CVar [[r.SSR.HalfResSceneColor:0]]
[2022.02.20-21.15.17:349][  0]LogConfig: Setting CVar [[r.SceneColorFormat:4]]
[2022.02.20-21.15.17:349][  0]LogConfig: Setting CVar [[r.DetailMode:2]]
[2022.02.20-21.15.17:349][  0]LogConfig: Setting CVar [[r.TranslucencyVolumeBlur:1]]
[2022.02.20-21.15.17:349][  0]LogConfig: Setting CVar [[r.MaterialQualityLevel:1 ; High quality]]
[2022.02.20-21.15.17:349][  0]LogConfig: Setting CVar [[r.AnisotropicMaterials:1]]
[2022.02.20-21.15.17:349][  0]LogConfig: Setting CVar [[r.SSS.Scale:1]]
[2022.02.20-21.15.17:349][  0]LogConfig: Setting CVar [[r.SSS.SampleSet:2]]
[2022.02.20-21.15.17:349][  0]LogConfig: Setting CVar [[r.SSS.Quality:1]]
[2022.02.20-21.15.17:349][  0]LogConfig: Setting CVar [[r.SSS.HalfRes:0]]
[2022.02.20-21.15.17:349][  0]LogConfig: Setting CVar [[r.SSGI.Quality:3]]
[2022.02.20-21.15.17:349][  0]LogConfig: Setting CVar [[r.EmitterSpawnRateScale:1.0]]
[2022.02.20-21.15.17:349][  0]LogConfig: Setting CVar [[r.ParticleLightQuality:2]]
[2022.02.20-21.15.17:349][  0]LogConfig: Setting CVar [[r.SkyAtmosphere.AerialPerspectiveLUT.FastApplyOnOpaque:1 ; Always have FastSkyLUT 1 in this case to avoid wrong sky]]
[2022.02.20-21.15.17:349][  0]LogConfig: Setting CVar [[r.SkyAtmosphere.AerialPerspectiveLUT.SampleCountMaxPerSlice:4]]
[2022.02.20-21.15.17:349][  0]LogConfig: Setting CVar [[r.SkyAtmosphere.AerialPerspectiveLUT.DepthResolution:16.0]]
[2022.02.20-21.15.17:349][  0]LogConfig: Setting CVar [[r.SkyAtmosphere.FastSkyLUT:1]]
[2022.02.20-21.15.17:349][  0]LogConfig: Setting CVar [[r.SkyAtmosphere.FastSkyLUT.SampleCountMin:4.0]]
[2022.02.20-21.15.17:349][  0]LogConfig: Setting CVar [[r.SkyAtmosphere.FastSkyLUT.SampleCountMax:128.0]]
[2022.02.20-21.15.17:349][  0]LogConfig: Setting CVar [[r.SkyAtmosphere.SampleCountMin:4.0]]
[2022.02.20-21.15.17:349][  0]LogConfig: Setting CVar [[r.SkyAtmosphere.SampleCountMax:128.0]]
[2022.02.20-21.15.17:349][  0]LogConfig: Setting CVar [[r.SkyAtmosphere.TransmittanceLUT.UseSmallFormat:0]]
[2022.02.20-21.15.17:349][  0]LogConfig: Setting CVar [[r.SkyAtmosphere.TransmittanceLUT.SampleCount:10.0]]
[2022.02.20-21.15.17:349][  0]LogConfig: Setting CVar [[r.SkyAtmosphere.MultiScatteringLUT.SampleCount:15.0]]
[2022.02.20-21.15.17:349][  0]LogConfig: Setting CVar [[r.SkyLight.RealTimeReflectionCapture:1]]
[2022.02.20-21.15.17:349][  0]LogConfig: Applying CVar settings from Section [FoliageQuality@3] File [C:/Users/udayk/Documents/GitHub/CryptCreatures/CryptCreatures/Saved/Config/Windows/Scalability.ini]
[2022.02.20-21.15.17:349][  0]LogConfig: Setting CVar [[foliage.DensityScale:1.0]]
[2022.02.20-21.15.17:349][  0]LogConfig: Setting CVar [[grass.DensityScale:1.0]]
[2022.02.20-21.15.17:349][  0]LogConfig: Applying CVar settings from Section [ShadingQuality@3] File [C:/Users/udayk/Documents/GitHub/CryptCreatures/CryptCreatures/Saved/Config/Windows/Scalability.ini]
[2022.02.20-21.15.17:349][  0]LogConfig: Setting CVar [[r.HairStrands.SkyLighting.IntegrationType:2]]
[2022.02.20-21.15.17:349][  0]LogConfig: Setting CVar [[r.HairStrands.SkyAO.SampleCount:4]]
[2022.02.20-21.15.17:349][  0]LogConfig: Setting CVar [[r.HairStrands.Visibility.MSAA.SamplePerPixel:4]]
[2022.02.20-21.15.17:349][  0]LogConfig: Applying CVar settings from Section [Startup] File [../../../Engine/Config/ConsoleVariables.ini]
[2022.02.20-21.15.17:349][  0]LogConfig: Setting CVar [[net.UseAdaptiveNetUpdateFrequency:0]]
[2022.02.20-21.15.17:349][  0]LogConfig: Setting CVar [[p.chaos.AllowCreatePhysxBodies:1]]
[2022.02.20-21.15.17:349][  0]LogConfig: Setting CVar [[fx.SkipVectorVMBackendOptimizations:1]]
[2022.02.20-21.15.17:349][  0]LogConfig: Applying CVar settings from Section [ConsoleVariables] File [C:/Users/udayk/Documents/GitHub/CryptCreatures/CryptCreatures/Saved/Config/Windows/Engine.ini]
[2022.02.20-21.15.17:349][  0]LogConfig: Applying CVar settings from Section [ConsoleVariables] File [C:/Users/udayk/Documents/GitHub/CryptCreatures/CryptCreatures/Saved/Config/Windows/Editor.ini]
[2022.02.20-21.15.17:349][  0]LogInit: Computer: DESKTOP-FFOG173
[2022.02.20-21.15.17:349][  0]LogInit: User: udayk
[2022.02.20-21.15.17:349][  0]LogInit: CPU Page size=4096, Cores=8
[2022.02.20-21.15.17:349][  0]LogInit: High frequency timer resolution =10.000000 MHz
[2022.02.20-21.15.17:349][  0]LogMemory: Memory total: Physical=15.7GB (16GB approx)
[2022.02.20-21.15.17:349][  0]LogMemory: Platform Memory Stats for Windows
[2022.02.20-21.15.17:349][  0]LogMemory: Process Physical Memory: 146.25 MB used, 146.26 MB peak
[2022.02.20-21.15.17:349][  0]LogMemory: Process Virtual Memory: 129.48 MB used, 129.48 MB peak
[2022.02.20-21.15.17:349][  0]LogMemory: Physical Memory: 7804.74 MB used,  8255.01 MB free, 16059.75 MB total
[2022.02.20-21.15.17:349][  0]LogMemory: Virtual Memory: 134209432.00 MB used,  8299.39 MB free, 134217728.00 MB total
[2022.02.20-21.15.17:520][  0]LogWindows: WindowsPlatformFeatures enabled
[2022.02.20-21.15.17:532][  0]LogInit: Physics initialised using underlying interface: PhysX
[2022.02.20-21.15.17:532][  0]LogInit: Using OS detected language (en-US).
[2022.02.20-21.15.17:532][  0]LogInit: Using OS detected locale (en-US).
[2022.02.20-21.15.17:536][  0]LogTextLocalizationManager: No specific localization for 'en-US' exists, so the 'en' localization will be used.
[2022.02.20-21.15.17:726][  0]LogWindowsTextInputMethodSystem: Display: IME system deactivated.
[2022.02.20-21.15.17:738][  0]LogSlate: New Slate User Created.  User Index 0, Is Virtual User: 0
[2022.02.20-21.15.17:738][  0]LogSlate: Slate User Registered.  User Index 0, Is Virtual User: 0
[2022.02.20-21.15.17:750][  0]LogD3D11RHI: Loaded GFSDK_Aftermath_Lib.x64.dll
[2022.02.20-21.15.17:752][  0]LogHMD: Failed to initialize OpenVR with code 110
[2022.02.20-21.15.17:752][  0]LogD3D11RHI: D3D11 min allowed feature level: 11_0
[2022.02.20-21.15.17:752][  0]LogD3D11RHI: D3D11 max allowed feature level: 11_0
[2022.02.20-21.15.17:752][  0]LogD3D11RHI: D3D11 adapters:
[2022.02.20-21.15.17:831][  0]LogD3D11RHI:    0. 'NVIDIA GeForce RTX 3060 Ti' (Feature Level 11_0)
[2022.02.20-21.15.17:831][  0]LogD3D11RHI:       8050/0/8029 MB DedicatedVideo/DedicatedSystem/SharedSystem, Outputs:1, VendorId:0x10de
[2022.02.20-21.15.17:833][  0]LogD3D11RHI:    1. 'Microsoft Basic Render Driver' (Feature Level 11_0)
[2022.02.20-21.15.17:833][  0]LogD3D11RHI:       0/0/8029 MB DedicatedVideo/DedicatedSystem/SharedSystem, Outputs:0, VendorId:0x1414
[2022.02.20-21.15.17:833][  0]LogD3D11RHI: Chosen D3D11 Adapter:
[2022.02.20-21.15.17:833][  0]LogD3D11RHI:     Description : NVIDIA GeForce RTX 3060 Ti
[2022.02.20-21.15.17:833][  0]LogD3D11RHI:     VendorId    : 10de
[2022.02.20-21.15.17:833][  0]LogD3D11RHI:     DeviceId    : 2486
[2022.02.20-21.15.17:833][  0]LogD3D11RHI:     SubSysId    : 39711028
[2022.02.20-21.15.17:833][  0]LogD3D11RHI:     Revision    : 00a1
[2022.02.20-21.15.17:833][  0]LogD3D11RHI:     DedicatedVideoMemory : 8441036800 bytes
[2022.02.20-21.15.17:833][  0]LogD3D11RHI:     DedicatedSystemMemory : 0 bytes
[2022.02.20-21.15.17:833][  0]LogD3D11RHI:     SharedSystemMemory : 8419934208 bytes
[2022.02.20-21.15.17:833][  0]LogD3D11RHI:     AdapterLuid : 0 58734
[2022.02.20-21.15.17:839][  0]LogD3D11RHI: Creating new Direct3DDevice
[2022.02.20-21.15.17:839][  0]LogD3D11RHI:     GPU DeviceId: 0x2486 (for the marketing name, search the web for "GPU Device Id")
[2022.02.20-21.15.17:839][  0]LogWindows: EnumDisplayDevices:
[2022.02.20-21.15.17:839][  0]LogWindows:    0. 'NVIDIA GeForce RTX 3060 Ti' (P:1 D:1)
[2022.02.20-21.15.17:839][  0]LogWindows:    1. 'NVIDIA GeForce RTX 3060 Ti' (P:0 D:0)
[2022.02.20-21.15.17:839][  0]LogWindows:    2. 'NVIDIA GeForce RTX 3060 Ti' (P:0 D:0)
[2022.02.20-21.15.17:839][  0]LogWindows:    3. 'NVIDIA GeForce RTX 3060 Ti' (P:0 D:0)
[2022.02.20-21.15.17:840][  0]LogWindows: DebugString: FoundDriverCount:4 
[2022.02.20-21.15.17:840][  0]LogD3D11RHI:     Adapter Name: NVIDIA GeForce RTX 3060 Ti
[2022.02.20-21.15.17:840][  0]LogD3D11RHI:   Driver Version: 496.49 (internal:30.0.14.9649, unified:496.49)
[2022.02.20-21.15.17:840][  0]LogD3D11RHI:      Driver Date: 10-20-2021
[2022.02.20-21.15.17:840][  0]LogRHI: Texture pool is 5635 MB (70% of 8050 MB)
[2022.02.20-21.15.17:840][  0]LogD3D11RHI: Creating D3DDevice using adapter:
[2022.02.20-21.15.17:840][  0]LogD3D11RHI:     Description : NVIDIA GeForce RTX 3060 Ti
[2022.02.20-21.15.17:840][  0]LogD3D11RHI:     VendorId    : 10de
[2022.02.20-21.15.17:840][  0]LogD3D11RHI:     DeviceId    : 2486
[2022.02.20-21.15.17:840][  0]LogD3D11RHI:     SubSysId    : 39711028
[2022.02.20-21.15.17:840][  0]LogD3D11RHI:     Revision    : 00a1
[2022.02.20-21.15.17:840][  0]LogD3D11RHI:     DedicatedVideoMemory : 8441036800 bytes
[2022.02.20-21.15.17:840][  0]LogD3D11RHI:     DedicatedSystemMemory : 0 bytes
[2022.02.20-21.15.17:840][  0]LogD3D11RHI:     SharedSystemMemory : 8419934208 bytes
[2022.02.20-21.15.17:840][  0]LogD3D11RHI:     AdapterLuid : 0 58734
[2022.02.20-21.15.17:884][  0]LogD3D11RHI: RHI has support for 64 bit atomics
[2022.02.20-21.15.17:884][  0]LogD3D11RHI: Async texture creation enabled
[2022.02.20-21.15.17:884][  0]LogD3D11RHI: Array index from any shader is supported
[2022.02.20-21.15.17:899][  0]LogD3D11RHI: GPU Timing Frequency: 1000.000000 (Debug: 2 1)
[2022.02.20-21.15.17:921][  0]LogRHI: GeForceNow SDK initialized: 1
[2022.02.20-21.15.18:158][  0]LogTargetPlatformManager: Display: Loaded TargetPlatform 'WindowsNoEditor'
[2022.02.20-21.15.18:161][  0]LogTargetPlatformManager: Display: Loaded TargetPlatform 'Windows'
[2022.02.20-21.15.18:165][  0]LogTargetPlatformManager: Display: Loaded TargetPlatform 'WindowsClient'
[2022.02.20-21.15.18:168][  0]LogTargetPlatformManager: Display: Loaded TargetPlatform 'WindowsServer'
[2022.02.20-21.15.18:168][  0]LogTargetPlatformManager: Display: Building Assets For Windows
[2022.02.20-21.15.18:174][  0]LogAudioDebug: Display: Lib vorbis DLL was dynamically loaded.
[2022.02.20-21.15.18:196][  0]LogTextureFormatOodle: Display: Oodle Texture 2.9.0 init RDO Off
[2022.02.20-21.15.18:218][  0]LogRendererCore: Ray tracing is disabled. Reason: r.RayTracing=0.
[2022.02.20-21.15.18:218][  0]LogShaderCompilers: Guid format shader working directory is -30 characters bigger than the processId version (../../../../../../Users/udayk/Documents/GitHub/CryptCreatures/CryptCreatures/Intermediate/Shaders/WorkingDirectory/8520/).
[2022.02.20-21.15.18:219][  0]LogShaderCompilers: Cleaned the shader compiler working directory 'C:/Users/udayk/AppData/Local/Temp/UnrealShaderWorkingDir/5A19E35841DECCB5BAAE018C79479C61/'.
[2022.02.20-21.15.18:219][  0]LogXGEController: Cannot use XGE Controller as Incredibuild is not installed on this machine.
[2022.02.20-21.15.18:219][  0]LogShaderCompilers: Cannot use XGE Shader Compiler as Incredibuild is not installed on this machine.
[2022.02.20-21.15.18:219][  0]LogShaderCompilers: Display: Using Local Shader Compiler.
[2022.02.20-21.15.18:783][  0]LogDerivedDataCache: Display: Max Cache Size: 512 MB
[2022.02.20-21.15.18:844][  0]LogDerivedDataCache: Loaded boot cache 0.06s 121MB C:/Users/udayk/AppData/Local/UnrealEngine/4.27/DerivedDataCache/Boot.ddc.
[2022.02.20-21.15.18:844][  0]LogDerivedDataCache: Display: Loaded Boot cache: C:/Users/udayk/AppData/Local/UnrealEngine/4.27/DerivedDataCache/Boot.ddc
[2022.02.20-21.15.18:844][  0]LogDerivedDataCache: FDerivedDataBackendGraph:  Pak pak cache file ../../../../../../Users/udayk/Documents/GitHub/CryptCreatures/CryptCreatures/DerivedDataCache/DDC.ddp not found, will not use a pak cache.
[2022.02.20-21.15.18:844][  0]LogDerivedDataCache: Unable to find inner node Pak for hierarchical cache Hierarchy.
[2022.02.20-21.15.18:844][  0]LogDerivedDataCache: FDerivedDataBackendGraph:  CompressedPak pak cache file ../../../../../../Users/udayk/Documents/GitHub/CryptCreatures/CryptCreatures/DerivedDataCache/Compressed.ddp not found, will not use a pak cache.
[2022.02.20-21.15.18:844][  0]LogDerivedDataCache: Unable to find inner node CompressedPak for hierarchical cache Hierarchy.
[2022.02.20-21.15.18:857][  0]LogDerivedDataCache: Display: Pak cache opened for reading ../../../Engine/DerivedDataCache/Compressed.ddp.
[2022.02.20-21.15.18:857][  0]LogDerivedDataCache: FDerivedDataBackendGraph:  EnterprisePak pak cache file ../../../Enterprise/DerivedDataCache/Compressed.ddp not found, will not use a pak cache.
[2022.02.20-21.15.18:857][  0]LogDerivedDataCache: Unable to find inner node EnterprisePak for hierarchical cache Hierarchy.
[2022.02.20-21.15.18:860][  0]LogDerivedDataCache: Speed tests for C:/Users/udayk/AppData/Local/UnrealEngine/Common/DerivedDataCache took 0.00 seconds
[2022.02.20-21.15.18:860][  0]LogDerivedDataCache: Display: Performance to C:/Users/udayk/AppData/Local/UnrealEngine/Common/DerivedDataCache: Latency=0.02ms. RandomReadSpeed=2175.22MBs, RandomWriteSpeed=269.61MBs. Assigned SpeedClass 'Local'
[2022.02.20-21.15.18:861][  0]LogDerivedDataCache: Using Local data cache path C:/Users/udayk/AppData/Local/UnrealEngine/Common/DerivedDataCache: Writable
[2022.02.20-21.15.18:861][  0]LogDerivedDataCache: Shared data cache path not found in *engine.ini, will not use an Shared cache.
[2022.02.20-21.15.18:861][  0]LogDerivedDataCache: Unable to find inner node Shared for hierarchical cache Hierarchy.
[2022.02.20-21.15.18:889][  0]LogSlate: Using FreeType 2.10.0
[2022.02.20-21.15.18:889][  0]LogSlate: SlateFontServices - WITH_FREETYPE: 1, WITH_HARFBUZZ: 1
[2022.02.20-21.15.18:974][  0]LogInit: Using OS detected language (en-US).
[2022.02.20-21.15.18:974][  0]LogInit: Using OS detected locale (en-US).
[2022.02.20-21.15.18:974][  0]LogTextLocalizationManager: No localization for 'en-US' exists, so 'en' will be used for the language.
[2022.02.20-21.15.18:974][  0]LogTextLocalizationManager: No localization for 'en-US' exists, so 'en' will be used for the locale.
[2022.02.20-21.15.18:974][  0]LogSlate: FontCache flush requested. Reason: Culture for localization was changed
[2022.02.20-21.15.18:974][  0]LogSlate: FontCache flush requested. Reason: Culture for localization was changed
[2022.02.20-21.15.18:976][  0]LogTextLocalizationManager: Compacting localization data took   0.00ms
[2022.02.20-21.15.18:976][  0]LogAssetRegistry: FAssetRegistry took 0.0012 seconds to start up
[2022.02.20-21.15.19:093][  0]LogPackageLocalizationCache: Processed 27 localized package path(s) for 1 prioritized culture(s) in 0.000953 seconds
[2022.02.20-21.15.19:137][  0]LogInit: Selected Device Profile: [Windows]
[2022.02.20-21.15.19:137][  0]LogInit: Active device profile: [00000202556E1100][000002024E4D2500 49] Windows
[2022.02.20-21.15.19:137][  0]LogInit: Profiles: [00000202556E1100][000002024E4D2500 49] Windows, [000002025569EE00][000002024E4DA680 49] WindowsNoEditor, [00000202556E2200][000002024E4DE800 49] WindowsServer, [000002025569E000][000002024E4E2980 49] WindowsClient, [00000202556E1700][000002024E4E6B00 49] IOS, [000002025569F000][000002024E4EAC80 49] iPadAir, [00000202556E3C00][000002024E4EEE00 49] iPadAir2, [0000020255645400][000002024E4F70C0 49] IPadPro, [0000020255645500][000002024E4F3100 49] iPadAir3, [000002025569DA00][000002024E4FB280 49] iPadAir4, [0000020255646300][000002024E4FF400 49] iPadMini2, [000002025569F800][000002024E503580 49] iPadMini3, [0000020255646F00][000002024E507700 49] iPadMini4, [000002025569E500][000002024E08F880 49] iPadMini5, [000002025566D000][000002024E4D7B00 49] iPhone6, [000002025566D100][000002024E093B40 49] iPodTouch6, [00000202556E3900][000002024E09A200 49] iPhone7, [00000202556E2900][000002024E096240 49] iPodTouch7, [0000020255645000][000002024E09E380 49] iPhone5S, [00000202556E2F00][000002024E0A6500 49] iPhone6Plus, [0000020255647600][000002024E0AA680 49] iPhone6S, [00000202556E0C00][000002024E0AE800 49] iPhone6SPlus, [00000202556E1D00][000002024E0B2980 49] iPhone7Plus, [000002025566C800][000002024E0B6B00 49] iPhoneSE, [00000202556E0400][000002024E0BAC80 49] iPhone8, [000002025566C900][000002024E0BEE00 49] iPhone8Plus, [000002025566EE00][000002024E0C2F80 49] iPhoneX, [0000020255645D00][000002024E0C7100 49] iPhoneXS, [000002025566E700][000002024E0CB280 49] iPhoneXSMax, [0000020255645C00][000002024E0CF400 49] iPhoneXR, [000002025566E800][000002024E0D3580 49] iPhone11, [0000020255644F00][000002024E0D7700 49] iPhone11Pro, [000002025566CB00][00000202548E1880 49] iPhone11ProMax, [0000020255644D00][00000202548E5A00 49] iPhoneSE2, [000002025566CE00][00000202548E9B80 49] iPhone12Mini, [00000202556E3800][000002024E0A2140 49] iPhone12, [000002025566F000][00000202548EC280 49] iPhone12Pro, [00000202556E3700][00000202548F03C0 49] iPhone12ProMax, [000002025566DE00][00000202548F4500 49] iPadPro105, [00000202556E1300][00000202548FC680 49] iPadPro129, [000002025566FE00][0000020254900800 49] iPadPro97, [00000202556E1C00][0000020254904980 49] iPadPro2_129, [000002025566E000][0000020254908B00 49] iPad5, [00000202556E2300][000002025490CC80 49] iPad6, [000002025566FB00][0000020254910E00 49] iPad7, [00000202556E1E00][0000020254914F80 49] iPad8, [000002025566E900][0000020254919100 49] iPadPro11, [00000202556E2600][000002025491D280 49] iPadPro2_11, [000002025566CF00][0000020254921400 49] iPadPro3_129, [00000202556E0200][0000020254925580 49] iPadPro4_129, [000002025566FC00][0000020254929700 49] AppleTV, [00000202556E1A00][000002025492D880 49] AppleTV4K, [000002025566E100][0000020254931A00 49] TVOS, [00000202556E0F00][0000020254935B80 49] Mac, [000002025566EF00][0000020254938180 49] MacClient, [00000202556E3E00][000002025493C300 49] MacNoEditor, [000002025566EC00][00000202548F8440 49] MacServer, [00000202556E2700][0000020254940580 49] Linux, [000002025566C400][00000202549446C0 49] LinuxAArch64, [00000202556E0700][000002025494C840 49] LinuxNoEditor, [000002025566F700][00000202549509C0 49] LinuxAArch64NoEditor, [00000202556E3B00][0000020254954B40 49] LinuxClient, [000002025566F400][0000020254958CC0 49] LinuxAArch64Client, [00000202556E1B00][000002025495CE40 49] LinuxServer, [000002025566C700][0000020254960FC0 49] LinuxAArch64Server, [00000202556E3300][0000020254965140 49] Android, [000002025566EA00][00000202549692C0 49] Android_Low, [00000202556E2E00][000002025496D440 49] Android_Mid, [000002025566DF00][00000202549715C0 49] Android_High, [00000202556E1900][0000020254975740 49] Android_Default, [000002025566C100][00000202549798C0 49] Android_Adreno4xx, [00000202556E0600][000002025497DA40 49] Android_Adreno5xx_Low, [000002025566D400][0000020254981BC0 49] Android_Adreno5xx, [00000202556E3400][00000202549841C0 49] Android_Adreno6xx, [000002025566E400][0000020254988340 49] Android_Adreno6xx_Vulkan, [00000202556E2D00][000002025498C4C0 49] Android_Mali_T6xx, [000002025566C600][0000020254948600 49] Android_Mali_T7xx, [00000202556E0500][0000020254990740 49] Android_Mali_T8xx, [000002025566C200][0000020254994880 49] Android_Mali_G71, [0000020255647100][00000202549989C0 49] Android_Mali_G72, [000002025569F600][00000202549A0B40 49] Android_Mali_G72_Vulkan, [0000020255646B00][00000202549A4CC0 49] Android_Mali_G76, [000002025569C500][00000202549A8E40 49] Android_Mali_G76_Vulkan, [0000020255644C00][00000202549ACFC0 49] Android_Mali_G77, [000002025569C600][00000202549B1140 49] Android_Mali_G77_Vulkan, [0000020255646400][00000202549B52C0 49] Android_Mali_G78, [000002025569CD00][00000202549B9440 49] Android_Mali_G78_Vulkan, [0000020255647D00][00000202549BD5C0 49] Android_Mali_G710, [000002025569F200][00000202549C1740 49] Android_Mali_G710_Vulkan, [0000020255646A00][00000202549C58C0 49] Android_Vulkan_SM5, [000002025569E100][00000202549C9A40 49] Android_PowerVR_G6xxx, [0000020255644500][00000202549CDBC0 49] Android_PowerVR_GT7xxx, [000002025569C200][000002024E0DA1C0 49] Android_PowerVR_GE8xxx, [0000020255647B00][000002024E0DE340 49] Android_PowerVR_GM9xxx, [000002025569E800][000002024E0E24C0 49] Android_PowerVR_GM9xxx_Vulkan, [0000020255645F00][000002024E0E6640 49] Android_TegraK1, [000002025569CA00][000002025499C780 49] Android_Unknown_Vulkan, [0000020255647900][000002024E0EA8C0 49] Lumin, [000002025569D100][000002024E0EEA00 49] Lumin_Desktop, [0000020255646000][000002024E0F2B40 49] HoloLens, 
[2022.02.20-21.15.19:164][  0]LogMeshReduction: Using QuadricMeshReduction for automatic static mesh reduction
[2022.02.20-21.15.19:164][  0]LogMeshReduction: Using SimplygonMeshReduction for automatic skeletal mesh reduction
[2022.02.20-21.15.19:164][  0]LogMeshReduction: Using ProxyLODMeshReduction for automatic mesh merging
[2022.02.20-21.15.19:164][  0]LogMeshReduction: No distributed automatic mesh merging module available
[2022.02.20-21.15.19:164][  0]LogMeshMerging: No distributed automatic mesh merging module available
[2022.02.20-21.15.19:244][  0]LogNetVersion: CryptCreatures 1.0.0, NetCL: 17155196, EngineNetVer: 17, GameNetVer: 0 (Checksum: 1432248789)
[2022.02.20-21.15.19:412][  0]LogTexture: Default maximum texture size for cubemaps generated from long-lat sources has been changed from 512 to unlimited. In order to preserve old behaiour for '/Engine/MapTemplates/Sky/DaylightAmbientCubemap.DaylightAmbientCubemap', its maximum texture size has been explicitly set to 512.
[2022.02.20-21.15.19:453][  0]LogHMD: PokeAHoleMaterial loaded successfully
[2022.02.20-21.15.19:523][  0]LogMoviePlayer: Initializing movie player
[2022.02.20-21.15.19:609][  0]LogNiagaraDebuggerClient: Niagara Debugger Client Initialized | Session: 7BF22A7C477347D2C8FD39B7DCBF8256 | Instance: 145D7E4D470C3B42B414B390DFFF1D5A (DESKTOP-FFOG173-8520).
[2022.02.20-21.15.19:623][  0]LogCollectionManager: Loaded 0 collections in 0.000511 seconds
[2022.02.20-21.15.19:625][  0]LogFileCache: Scanning file cache for directory 'C:/Users/udayk/Documents/GitHub/CryptCreatures/CryptCreatures/Saved/Collections/' took 0.00s
[2022.02.20-21.15.19:625][  0]LogFileCache: Scanning file cache for directory 'C:/Users/udayk/Documents/GitHub/CryptCreatures/CryptCreatures/Content/Developers/udayk/Collections/' took 0.00s
[2022.02.20-21.15.19:625][  0]LogFileCache: Scanning file cache for directory 'C:/Users/udayk/Documents/GitHub/CryptCreatures/CryptCreatures/Content/Collections/' took 0.00s
[2022.02.20-21.15.19:625][  0]LogCollectionManager: Fixed up redirectors for 0 collections in 0.000002 seconds (updated 0 objects)
[2022.02.20-21.15.19:637][  0]LogPython: Using Python 3.7.7
[2022.02.20-21.15.20:001][  0]LogTcpMessaging: Initializing TcpMessaging bridge
[2022.02.20-21.15.20:004][  0]LogUdpMessaging: Initializing bridge on interface 0.0.0.0:0 to multicast group 230.0.0.1:6666.
[2022.02.20-21.15.20:103][  0]LogOpenImageDenoise: OIDN starting up
[2022.02.20-21.15.20:125][  0]LogAndroidPermission: UAndroidPermissionCallbackProxy::GetInstance
[2022.02.20-21.15.20:134][  0]LogAudioCaptureCore: Display: No Audio Capture implementations found. Audio input will be silent.
[2022.02.20-21.15.20:134][  0]LogAudioCaptureCore: Display: No Audio Capture implementations found. Audio input will be silent.
[2022.02.20-21.15.20:175][  0]SourceControl: Source control is disabled
[2022.02.20-21.15.20:176][  0]SourceControl: Source control is disabled
[2022.02.20-21.15.20:177][  0]SourceControl: Source control is disabled
[2022.02.20-21.15.20:181][  0]LogUProjectInfo: Found projects:
[2022.02.20-21.15.20:197][  0]LogOcInput: OculusInput pre-init called
[2022.02.20-21.15.20:203][  0]LogUObjectArray: 22123 objects as part of root set at end of initial load.
[2022.02.20-21.15.20:203][  0]LogUObjectAllocator: 5976016 out of 0 bytes used by permanent object pool.
[2022.02.20-21.15.20:203][  0]LogUObjectArray: CloseDisregardForGC: 0/0 objects in disregard for GC pool
[2022.02.20-21.15.20:237][  0]LogEngine: Initializing Engine...
[2022.02.20-21.15.20:238][  0]LogHMD: Failed to enumerate extensions. Please check that you have a valid OpenXR runtime installed.
[2022.02.20-21.15.20:238][  0]LogHMD: Failed to initialize OpenVR with code 110
[2022.02.20-21.15.20:238][  0]LogMagicLeap: Warning: VR disabled because ZI is not enabled.  To enable, in the editor, Edit -> Project Settings -> Plugins -> Magic Leap Plugin -> Enable Zero Iteration
[2022.02.20-21.15.20:240][  0]LogStats: UGameplayTagsManager::InitializeManager -  0.000 s
[2022.02.20-21.15.20:308][  0]LogInit: Initializing FReadOnlyCVARCache
[2022.02.20-21.15.20:308][  0]LogAudio: Display: Initializing Audio Device Manager...
[2022.02.20-21.15.20:311][  0]LogAudio: Display: Loading Default Audio Settings Objects...
[2022.02.20-21.15.20:311][  0]LogAudio: Display: No default SoundConcurrencyObject specified (or failed to load).
[2022.02.20-21.15.20:311][  0]LogAudio: Display: Audio Device Manager Initialized
[2022.02.20-21.15.20:311][  0]LogAudio: Display: Creating Audio Device:                 Id: 1, Scope: Shared, Realtime: True
[2022.02.20-21.15.20:311][  0]LogAudioMixer: Display: Audio Mixer Platform Settings:
[2022.02.20-21.15.20:311][  0]LogAudioMixer: Display: 	Sample Rate:						  48000
[2022.02.20-21.15.20:311][  0]LogAudioMixer: Display: 	Callback Buffer Frame Size Requested: 1024
[2022.02.20-21.15.20:311][  0]LogAudioMixer: Display: 	Callback Buffer Frame Size To Use:	  1024
[2022.02.20-21.15.20:311][  0]LogAudioMixer: Display: 	Number of buffers to queue:			  2
[2022.02.20-21.15.20:311][  0]LogAudioMixer: Display: 	Max Channels (voices):				  32
[2022.02.20-21.15.20:311][  0]LogAudioMixer: Display: 	Number of Async Source Workers:		  0
[2022.02.20-21.15.20:312][  0]LogAudio: Display: AudioDevice MaxSources: 32
[2022.02.20-21.15.20:312][  0]LogAudio: Display: Audio Spatialization Plugin: None (built-in).
[2022.02.20-21.15.20:312][  0]LogAudio: Display: Audio Reverb Plugin: None (built-in).
[2022.02.20-21.15.20:312][  0]LogAudio: Display: Audio Occlusion Plugin: None (built-in).
[2022.02.20-21.15.20:312][  0]LogAudioMixer: Display: Initializing audio mixer.
[2022.02.20-21.15.20:367][  0]LogAudioMixer: Display: 0: FrontLeft
[2022.02.20-21.15.20:367][  0]LogAudioMixer: Display: 1: FrontRight
[2022.02.20-21.15.20:378][  0]LogAudioMixer: Display: Using Audio Device Headphones (USB-C HEADSET)
[2022.02.20-21.15.20:383][  0]LogAudioMixer: Display: Initializing Sound Submixes...
[2022.02.20-21.15.20:384][  0]LogAudioMixer: Display: Creating Master Submix 'MasterSubmixDefault'
[2022.02.20-21.15.20:384][  0]LogAudioMixer: Display: Creating Master Submix 'MasterReverbSubmixDefault'
[2022.02.20-21.15.20:385][  0]LogAudioMixer: Display: Creating Master Submix 'MasterEQSubmixDefault'
[2022.02.20-21.15.20:385][  0]LogAudioMixer: FMixerPlatformXAudio2::StartAudioStream() called
[2022.02.20-21.15.20:385][  0]LogAudioMixer: Display: Output buffers initialized: Frames=1024, Channels=2, Samples=2048
[2022.02.20-21.15.20:386][  0]LogAudioMixer: Display: Starting AudioMixerPlatformInterface::RunInternal()
[2022.02.20-21.15.20:386][  0]LogAudioMixer: Display: FMixerPlatformXAudio2::SubmitBuffer() called for the first time
[2022.02.20-21.15.20:386][  0]LogInit: FAudioDevice initialized.
[2022.02.20-21.15.20:387][  0]LogNetVersion: Set ProjectVersion to 1.0.0.0. Version Checksum will be recalculated on next use.
[2022.02.20-21.15.20:389][  0]LogInit: Texture streaming: Enabled
[2022.02.20-21.15.20:432][  0]LogAudio: Display: Audio Device (ID: 1) registered with world 'Untitled'.
[2022.02.20-21.15.20:433][  0]LogSlate: Updating window title bar state: overlay mode, drag disabled, window buttons hidden, title bar hidden
[2022.02.20-21.15.20:433][  0]LogInit: Display: Game Engine Initialized.
[2022.02.20-21.15.20:433][  0]LogNiagaraEditor: GEditor isn't valid! Particle reset commands will not work for Niagara components!
[2022.02.20-21.15.20:513][  0]LogInit: Display: Starting Game.
[2022.02.20-21.15.20:513][  0]LogNet: Browse: /Game/Levels/Battle?Name=Player
[2022.02.20-21.15.20:513][  0]LogLoad: LoadMap: /Game/Levels/Battle?Name=Player
[2022.02.20-21.15.20:513][  0]LogWorld: BeginTearingDown for /Temp/Untitled_0
[2022.02.20-21.15.20:515][  0]LogWorld: UWorld::CleanupWorld for Untitled, bSessionEnded=true, bCleanupResources=true
[2022.02.20-21.15.20:515][  0]LogSlate: InvalidateAllWidgets triggered.  All widgets were invalidated
[2022.02.20-21.15.20:526][  0]LogAudio: Display: Audio Device unregistered from world 'None'.
[2022.02.20-21.15.20:528][  0]LogUObjectHash: Compacting FUObjectHashTables data took   0.52ms
[2022.02.20-21.15.20:537][  0]LogAudio: Display: Audio Device (ID: 1) registered with world 'Battle'.
[2022.02.20-21.15.20:542][  0]LogAIModule: Creating AISystem for world Battle
[2022.02.20-21.15.20:542][  0]LogUObjectGlobals: Warning: Failed to load '/Game/2DSideScrollerBP/Blueprints/2DSideScrollerGameMode': Can't find file.
[2022.02.20-21.15.20:542][  0]LogUObjectGlobals: Warning: Failed to load '/Game/2DSideScrollerBP/Blueprints/2DSideScrollerGameMode': Can't find file.
[2022.02.20-21.15.20:542][  0]LogUObjectGlobals: Warning: Failed to find object 'Class /Game/2DSideScrollerBP/Blueprints/2DSideScrollerGameMode.2DSideScrollerGameMode_C'
[2022.02.20-21.15.20:542][  0]LogLoad: Game class is 'GameModeBase'
[2022.02.20-21.15.20:544][  0]LogWorld: Bringing World /Game/Levels/Battle.Battle up for play (max tick rate 0) at 2022.02.20-16.15.20
[2022.02.20-21.15.20:544][  0]LogWorld: Bringing up level for play took: 0.000491
[2022.02.20-21.15.20:544][  0]LogGameMode: FindPlayerStart: PATHS NOT DEFINED or NO PLAYERSTART with positive rating
[2022.02.20-21.15.20:546][  0]LogLoad: Took 0.031848 seconds to LoadMap(/Game/Levels/Battle)
[2022.02.20-21.15.20:567][  0]LogSlate: Took 0.000126 seconds to synchronously load lazily loaded font '../../../Engine/Content/Slate/Fonts/Roboto-Regular.ttf' (155K)
[2022.02.20-21.15.20:584][  0]LogRenderer: Reallocating scene render targets to support 1280x720 Format 10 NumSamples 1 (Frame:1).
[2022.02.20-21.15.20:584][  0]LogInit: Display: Engine is initialized. Leaving FEngineLoop::Init()
[2022.02.20-21.15.20:584][  0]LogLoad: (Engine Initialization) Total time: 4.14 seconds
[2022.02.20-21.15.20:584][  0]LogLoad: (Engine Initialization) Total Blueprint compile time: 0.00 seconds
[2022.02.20-21.15.20:587][  0]LogContentStreaming: Texture pool size now 1000 MB
[2022.02.20-21.15.20:591][  0]LogSlate: InvalidateAllWidgets triggered.  All widgets were invalidated
[2022.02.20-21.15.20:729][  1]LogSlate: Took 0.000114 seconds to synchronously load lazily loaded font '../../../Engine/Content/Slate/Fonts/Roboto-Regular.ttf' (155K)
[2022.02.20-21.15.50:771][165]LogSlate: Window 'CryptCreatures (64-bit Development PCD3D_SM5) ' being destroyed
[2022.02.20-21.15.50:772][165]LogWindowsTextInputMethodSystem: Display: IME system deactivated.
[2022.02.20-21.15.50:775][166]LogSlate: Updating window title bar state: overlay mode, drag disabled, window buttons hidden, title bar hidden
[2022.02.20-21.15.50:775][166]LogEngine: All Windows Closed
[2022.02.20-21.15.50:775][166]LogWindows: FPlatformMisc::RequestExit(0)
[2022.02.20-21.15.50:775][166]LogWindows: FPlatformMisc::RequestExitWithStatus(0, 0)
[2022.02.20-21.15.50:775][166]LogCore: Engine exit requested (reason: Win RequestExit)
[2022.02.20-21.15.50:776][167]LogCore: Engine exit requested (reason: EngineExit() was called; note: exit was already requested)
[2022.02.20-21.15.50:776][167]LogInit: Display: PreExit Game.
[2022.02.20-21.15.50:783][167]LogWorld: BeginTearingDown for /Game/Levels/Battle
[2022.02.20-21.15.50:783][167]LogWorld: UWorld::CleanupWorld for Battle, bSessionEnded=true, bCleanupResources=true
[2022.02.20-21.15.50:783][167]LogSlate: InvalidateAllWidgets triggered.  All widgets were invalidated
[2022.02.20-21.15.51:257][167]LogAudio: Display: Beginning Audio Device Manager Shutdown (Module: AudioMixerXAudio2)...
[2022.02.20-21.15.51:257][167]LogAudio: Display: Destroying 1 Remaining Audio Device(s)...
[2022.02.20-21.15.51:257][167]LogAudio: Display: Audio Device unregistered from world 'Battle'.
[2022.02.20-21.15.51:301][167]LogAudioMixer: FMixerPlatformXAudio2::StopAudioStream() called
[2022.02.20-21.15.51:302][167]LogAudioMixer: FMixerPlatformXAudio2::StopAudioStream() called
[2022.02.20-21.15.51:304][167]LogAudio: Display: Audio Device Manager Shutdown
[2022.02.20-21.15.51:308][167]LogExit: Preparing to exit.
[2022.02.20-21.15.52:024][167]LogSlate: Updating window title bar state: overlay mode, drag disabled, window buttons hidden, title bar hidden
[2022.02.20-21.15.52:026][167]LogUObjectHash: Compacting FUObjectHashTables data took   0.42ms
[2022.02.20-21.15.52:044][167]LogMoviePlayer: Shutting down movie player
[2022.02.20-21.15.52:138][167]LogDemo: Cleaned up 0 splitscreen connections with owner deletion
[2022.02.20-21.15.52:140][167]LogExit: Game engine shut down
[2022.02.20-21.15.52:167][167]LogExit: Object subsystem successfully closed.
[2022.02.20-21.15.52:178][167]LogShaderCompilers: Display: === FShaderJobCache stats ===
[2022.02.20-21.15.52:178][167]LogShaderCompilers: Display: Total job queries 0, among them cache hits 0 (0.00%)
[2022.02.20-21.15.52:178][167]LogShaderCompilers: Display: Tracking 0 distinct input hashes that result in 0 distinct outputs (0.00%)
[2022.02.20-21.15.52:178][167]LogShaderCompilers: Display: RAM used: 0.00 MB (0.00 GB) of 819.20 MB (0.80 GB) budget. Usage: 0.00%
[2022.02.20-21.15.52:178][167]LogShaderCompilers: Display: ================================================
[2022.02.20-21.15.52:185][167]LogShaderCompilers: Display: Shaders left to compile 0
[2022.02.20-21.15.52:198][167]LogModuleManager: Shutting down and abandoning module SequenceRecorderSections (558)
[2022.02.20-21.15.52:198][167]LogModuleManager: Shutting down and abandoning module SequenceRecorder (556)
[2022.02.20-21.15.52:198][167]LogModuleManager: Shutting down and abandoning module AutomationController (554)
[2022.02.20-21.15.52:198][167]LogModuleManager: Shutting down and abandoning module AutomationWorker (552)
[2022.02.20-21.15.52:198][167]LogModuleManager: Shutting down and abandoning module Voice (550)
[2022.02.20-21.15.52:198][167]LogModuleManager: Shutting down and abandoning module AIModule (548)
[2022.02.20-21.15.52:198][167]LogModuleManager: Shutting down and abandoning module GameplayDebugger (547)
[2022.02.20-21.15.52:198][167]LogModuleManager: Shutting down and abandoning module AITestSuite (545)
[2022.02.20-21.15.52:198][167]LogModuleManager: Shutting down and abandoning module NavigationSystem (543)
[2022.02.20-21.15.52:198][167]LogModuleManager: Shutting down and abandoning module SteamVREditor (540)
[2022.02.20-21.15.52:198][167]LogModuleManager: Shutting down and abandoning module ToolMenus (539)
[2022.02.20-21.15.52:198][167]LogModuleManager: Shutting down and abandoning module OculusMR (536)
[2022.02.20-21.15.52:198][167]LogModuleManager: Shutting down and abandoning module OpenXRInput (534)
[2022.02.20-21.15.52:198][167]LogModuleManager: Shutting down and abandoning module TakeRecorderSources (532)
[2022.02.20-21.15.52:198][167]LogModuleManager: Shutting down and abandoning module TakeRecorder (531)
[2022.02.20-21.15.52:198][167]LogModuleManager: Shutting down and abandoning module TakeTrackRecorders (528)
[2022.02.20-21.15.52:198][167]LogModuleManager: Shutting down and abandoning module TakesCore (526)
[2022.02.20-21.15.52:198][167]LogModuleManager: Shutting down and abandoning module WebMMediaFactory (524)
[2022.02.20-21.15.52:198][167]LogModuleManager: Shutting down and abandoning module WebMMedia (522)
[2022.02.20-21.15.52:198][167]LogModuleManager: Shutting down and abandoning module OpenExrWrapper (520)
[2022.02.20-21.15.52:198][167]LogModuleManager: Shutting down and abandoning module ImgMediaFactory (518)
[2022.02.20-21.15.52:198][167]LogModuleManager: Shutting down and abandoning module WmfMediaFactory (516)
[2022.02.20-21.15.52:198][167]LogModuleManager: Shutting down and abandoning module AvfMediaFactory (514)
[2022.02.20-21.15.52:198][167]LogModuleManager: Shutting down and abandoning module MagicLeapMediaCodecFactory (512)
[2022.02.20-21.15.52:198][167]LogModuleManager: Shutting down and abandoning module MagicLeapMediaFactory (510)
[2022.02.20-21.15.52:198][167]LogModuleManager: Shutting down and abandoning module PlanarCut (508)
[2022.02.20-21.15.52:198][167]LogModuleManager: Shutting down and abandoning module CharacterAI (506)
[2022.02.20-21.15.52:198][167]LogModuleManager: Shutting down and abandoning module SessionServices (504)
[2022.02.20-21.15.52:198][167]LogModuleManager: Shutting down and abandoning module MovieSceneCapture (502)
[2022.02.20-21.15.52:198][167]LogModuleManager: Shutting down and abandoning module LiveCoding (500)
[2022.02.20-21.15.52:198][167]LogModuleManager: Shutting down and abandoning module LevelSequence (498)
[2022.02.20-21.15.52:198][167]LogModuleManager: Shutting down and abandoning module MovieSceneTracks (496)
[2022.02.20-21.15.52:198][167]LogModuleManager: Shutting down and abandoning module MovieScene (494)
[2022.02.20-21.15.52:198][167]LogModuleManager: Shutting down and abandoning module StreamingPauseRendering (492)
[2022.02.20-21.15.52:198][167]LogModuleManager: Shutting down and abandoning module PortalServices (490)
[2022.02.20-21.15.52:198][167]LogModuleManager: Shutting down and abandoning module PortalRpc (488)
[2022.02.20-21.15.52:198][167]LogModuleManager: Shutting down and abandoning module MessagingRpc (486)
[2022.02.20-21.15.52:198][167]LogModuleManager: Shutting down and abandoning module AudioMixerXAudio2 (484)
[2022.02.20-21.15.52:198][167]LogModuleManager: Shutting down and abandoning module AudioMixerCore (483)
[2022.02.20-21.15.52:198][167]LogModuleManager: Shutting down and abandoning module ImageWriteQueue (480)
[2022.02.20-21.15.52:202][167]LogModuleManager: Shutting down and abandoning module ProfilerService (478)
[2022.02.20-21.15.52:264][167]LogModuleManager: Shutting down and abandoning module TaskGraph (476)
[2022.02.20-21.15.52:264][167]LogModuleManager: Shutting down and abandoning module OculusInput (474)
[2022.02.20-21.15.52:264][167]LogModuleManager: Shutting down and abandoning module VisualStudioSourceCodeAccess (472)
[2022.02.20-21.15.52:264][167]LogModuleManager: Shutting down and abandoning module HotReload (471)
[2022.02.20-21.15.52:265][167]LogModuleManager: Shutting down and abandoning module VisualStudioCodeSourceCodeAccess (468)
[2022.02.20-21.15.52:265][167]LogModuleManager: Shutting down and abandoning module UObjectPlugin (466)
[2022.02.20-21.15.52:265][167]LogModuleManager: Shutting down and abandoning module SubversionSourceControl (464)
[2022.02.20-21.15.52:265][167]LogModuleManager: Shutting down and abandoning module PerforceSourceControl (462)
[2022.02.20-21.15.52:265][167]LogModuleManager: Shutting down and abandoning module SourceControl (461)
[2022.02.20-21.15.52:265][167]LogModuleManager: Shutting down and abandoning module CLionSourceCodeAccess (458)
[2022.02.20-21.15.52:265][167]LogModuleManager: Shutting down and abandoning module Synthesis (456)
[2022.02.20-21.15.52:265][167]LogModuleManager: Shutting down and abandoning module ProceduralMeshComponent (454)
[2022.02.20-21.15.52:265][167]LogModuleManager: Shutting down and abandoning module MobilePatchingUtils (452)
[2022.02.20-21.15.52:265][167]LogModuleManager: Shutting down and abandoning module TakeMovieScene (450)
[2022.02.20-21.15.52:265][167]LogModuleManager: Shutting down and abandoning module GooglePAD (448)
[2022.02.20-21.15.52:265][167]LogModuleManager: Shutting down and abandoning module CustomMeshComponent (446)
[2022.02.20-21.15.52:265][167]LogModuleManager: Shutting down and abandoning module EditableMesh (444)
[2022.02.20-21.15.52:265][167]LogModuleManager: Shutting down and abandoning module CableComponent (442)
[2022.02.20-21.15.52:265][167]LogModuleManager: Shutting down and abandoning module AssetTags (440)
[2022.02.20-21.15.52:265][167]LogModuleManager: Shutting down and abandoning module AudioCapture (438)
[2022.02.20-21.15.52:265][167]LogModuleManager: Shutting down and abandoning module AudioCaptureRtAudio (437)
[2022.02.20-21.15.52:265][167]LogModuleManager: Shutting down and abandoning module ArchVisCharacter (434)
[2022.02.20-21.15.52:265][167]LogModuleManager: Shutting down and abandoning module AppleImageUtilsBlueprintSupport (432)
[2022.02.20-21.15.52:265][167]LogModuleManager: Shutting down and abandoning module AppleImageUtils (430)
[2022.02.20-21.15.52:265][167]LogModuleManager: Shutting down and abandoning module AndroidPermission (428)
[2022.02.20-21.15.52:265][167]LogModuleManager: Shutting down and abandoning module ActorLayerUtilities (426)
[2022.02.20-21.15.52:265][167]LogModuleManager: Shutting down and abandoning module TemplateSequence (424)
[2022.02.20-21.15.52:265][167]LogModuleManager: Shutting down and abandoning module ImgMedia (422)
[2022.02.20-21.15.52:265][167]LogModuleManager: Shutting down and abandoning module MediaCompositing (420)
[2022.02.20-21.15.52:265][167]LogModuleManager: Shutting down and abandoning module MagicLeapSharedWorld (418)
[2022.02.20-21.15.52:265][167]LogModuleManager: Shutting down and abandoning module MagicLeapLightEstimation (416)
[2022.02.20-21.15.52:265][167]LogModuleManager: Shutting down and abandoning module MagicLeapHelperVulkan (414)
[2022.02.20-21.15.52:265][167]LogModuleManager: Shutting down and abandoning module MagicLeapHelperOpenGL (412)
[2022.02.20-21.15.52:265][167]LogModuleManager: Shutting down and abandoning module MagicLeapAudio (410)
[2022.02.20-21.15.52:265][167]LogModuleManager: Shutting down and abandoning module OpenImageDenoise (408)
[2022.02.20-21.15.52:265][167]LogOpenImageDenoise: OIDN shutting down
[2022.02.20-21.15.52:265][167]LogModuleManager: Shutting down and abandoning module MotoSynth (406)
[2022.02.20-21.15.52:265][167]LogModuleManager: Shutting down and abandoning module MeshConversion (404)
[2022.02.20-21.15.52:265][167]LogModuleManager: Shutting down and abandoning module DynamicMesh (402)
[2022.02.20-21.15.52:265][167]LogModuleManager: Shutting down and abandoning module GeometryAlgorithms (400)
[2022.02.20-21.15.52:265][167]LogModuleManager: Shutting down and abandoning module GeometricObjects (398)
[2022.02.20-21.15.52:265][167]LogModuleManager: Shutting down and abandoning module GeometryCollectionTracks (396)
[2022.02.20-21.15.52:265][167]LogModuleManager: Shutting down and abandoning module GeometryCollectionSequencer (395)
[2022.02.20-21.15.52:265][167]LogModuleManager: Shutting down and abandoning module GeometryCacheTracks (392)
[2022.02.20-21.15.52:265][167]LogModuleManager: Shutting down and abandoning module GeometryCacheSequencer (391)
[2022.02.20-21.15.52:265][167]LogModuleManager: Shutting down and abandoning module GeometryCache (388)
[2022.02.20-21.15.52:265][167]LogModuleManager: Shutting down and abandoning module GeometryCacheEd (387)
[2022.02.20-21.15.52:265][167]LogModuleManager: Shutting down and abandoning module ChaosNiagara (384)
[2022.02.20-21.15.52:265][167]LogModuleManager: Shutting down and abandoning module FieldSystemEngine (383)
[2022.02.20-21.15.52:265][167]LogModuleManager: Shutting down and abandoning module BackChannel (380)
[2022.02.20-21.15.52:265][167]LogModuleManager: Shutting down and abandoning module AutomationUtils (378)
[2022.02.20-21.15.52:265][167]LogModuleManager: Shutting down and abandoning module OodleNetworkHandlerComponent (376)
[2022.02.20-21.15.52:265][167]LogModuleManager: Shutting down and abandoning module LiveLinkSequencer (374)
[2022.02.20-21.15.52:265][167]LogModuleManager: Shutting down and abandoning module LiveLinkMovieScene (372)
[2022.02.20-21.15.52:265][167]LogModuleManager: Shutting down and abandoning module LiveLinkGraphNode (370)
[2022.02.20-21.15.52:265][167]LogModuleManager: Shutting down and abandoning module LiveLinkComponents (368)
[2022.02.20-21.15.52:265][167]LogModuleManager: Shutting down and abandoning module LiveLink (366)
[2022.02.20-21.15.53:050][167]LogModuleManager: Shutting down and abandoning module PropertyAccessNode (364)
[2022.02.20-21.15.53:050][167]LogModuleManager: Shutting down and abandoning module SoundFields (362)
[2022.02.20-21.15.53:050][167]LogModuleManager: Shutting down and abandoning module SignificanceManager (360)
[2022.02.20-21.15.53:050][167]LogModuleManager: Shutting down and abandoning module RuntimePhysXCooking (358)
[2022.02.20-21.15.53:050][167]LogModuleManager: Shutting down and abandoning module PropertyAccessEditor (356)
[2022.02.20-21.15.53:050][167]LogModuleManager: Shutting down and abandoning module PhysXVehiclesEditor (354)
[2022.02.20-21.15.53:050][167]LogModuleManager: Shutting down and abandoning module LocationServicesBPLibrary (350)
[2022.02.20-21.15.53:050][167]LogModuleManager: Shutting down and abandoning module AudioSynesthesia (348)
[2022.02.20-21.15.53:050][167]LogModuleManager: Shutting down and abandoning module AudioSynesthesiaCore (346)
[2022.02.20-21.15.53:050][167]LogModuleManager: Shutting down and abandoning module ActorSequence (344)
[2022.02.20-21.15.53:050][167]LogModuleManager: Shutting down and abandoning module UdpMessaging (342)
[2022.02.20-21.15.53:152][167]LogModuleManager: Shutting down and abandoning module TcpMessaging (340)
[2022.02.20-21.15.53:253][167]LogModuleManager: Shutting down and abandoning module ImgMediaEngine (338)
[2022.02.20-21.15.53:253][167]LogModuleManager: Shutting down and abandoning module MagicLeapARPin (336)
[2022.02.20-21.15.53:253][167]LogModuleManager: Shutting down and abandoning module MagicLeapHandMeshing (334)
[2022.02.20-21.15.53:253][167]LogModuleManager: Shutting down and abandoning module MagicLeapSecureStorage (332)
[2022.02.20-21.15.53:253][167]LogModuleManager: Shutting down and abandoning module MagicLeapPrivileges (330)
[2022.02.20-21.15.53:253][167]LogModuleManager: Shutting down and abandoning module MagicLeapPlanes (328)
[2022.02.20-21.15.53:253][167]LogMagicLeapPlanes: Planes tracker already destroyed.
[2022.02.20-21.15.53:253][167]LogModuleManager: Shutting down and abandoning module MagicLeapImageTracker (326)
[2022.02.20-21.15.53:253][167]LogModuleManager: Shutting down and abandoning module MagicLeapIdentity (324)
[2022.02.20-21.15.53:253][167]LogModuleManager: Shutting down and abandoning module MagicLeapHandTracking (322)
[2022.02.20-21.15.53:253][167]LogModuleManager: Shutting down and abandoning module MagicLeapEyeTracker (320)
[2022.02.20-21.15.53:253][167]LogModuleManager: Shutting down and abandoning module MagicLeapController (318)
[2022.02.20-21.15.53:253][167]LogModuleManager: Shutting down and abandoning module MagicLeapARPinImpl (316)
[2022.02.20-21.15.53:253][167]LogModuleManager: Shutting down and abandoning module MagicLeapAR (314)
[2022.02.20-21.15.53:253][167]LogModuleManager: Shutting down and abandoning module PythonScriptPlugin (312)
[2022.02.20-21.15.53:253][167]LogModuleManager: Shutting down and abandoning module NiagaraAnimNotifies (310)
[2022.02.20-21.15.53:253][167]LogModuleManager: Shutting down and abandoning module Niagara (308)
[2022.02.20-21.15.53:253][167]LogModuleManager: Shutting down and abandoning module SignalProcessing (307)
[2022.02.20-21.15.53:253][167]LogModuleManager: Shutting down and abandoning module NiagaraEditor (305)
[2022.02.20-21.15.53:253][167]LogModuleManager: Shutting down and abandoning module ContentBrowser (304)
[2022.02.20-21.15.53:253][167]LogModuleManager: Shutting down and abandoning module CollectionManager (303)
[2022.02.20-21.15.53:253][167]LogModuleManager: Shutting down and abandoning module DirectoryWatcher (302)
[2022.02.20-21.15.53:253][167]LogModuleManager: Shutting down and abandoning module ContentBrowserData (299)
[2022.02.20-21.15.53:253][167]LogModuleManager: Shutting down and abandoning module NiagaraCore (294)
[2022.02.20-21.15.53:253][167]LogModuleManager: Shutting down and abandoning module GameplayTagsEditor (292)
[2022.02.20-21.15.53:253][167]LogModuleManager: Shutting down and abandoning module GameplayCameras (290)
[2022.02.20-21.15.53:253][167]LogModuleManager: Shutting down and abandoning module FacialAnimation (288)
[2022.02.20-21.15.53:253][167]LogModuleManager: Shutting down and abandoning module AssetManagerEditor (286)
[2022.02.20-21.15.53:253][167]LogModuleManager: Shutting down and abandoning module TreeMap (285)
[2022.02.20-21.15.53:253][167]LogModuleManager: Shutting down and abandoning module LightPropagationVolumeRuntime (282)
[2022.02.20-21.15.53:253][167]LogModuleManager: Shutting down and abandoning module AnimationSharing (280)
[2022.02.20-21.15.53:253][167]LogModuleManager: Shutting down and abandoning module EnvironmentQueryEditor (278)
[2022.02.20-21.15.53:253][167]LogModuleManager: Shutting down and abandoning module Paper2D (276)
[2022.02.20-21.15.53:253][167]LogModuleManager: Shutting down and abandoning module WindowsMoviePlayer (274)
[2022.02.20-21.15.53:253][167]LogModuleManager: Shutting down and abandoning module WebMMoviePlayer (272)
[2022.02.20-21.15.53:253][167]LogModuleManager: Shutting down and abandoning module NetworkReplayStreaming (270)
[2022.02.20-21.15.53:253][167]LogModuleManager: Shutting down and abandoning module PacketHandler (268)
[2022.02.20-21.15.53:253][167]LogModuleManager: Shutting down and abandoning module ClothingSystemEditor (266)
[2022.02.20-21.15.53:253][167]LogModuleManager: Shutting down and abandoning module ClothingSystemRuntimeNv (264)
[2022.02.20-21.15.53:253][167]LogModuleManager: Shutting down and abandoning module MediaAssets (262)
[2022.02.20-21.15.53:253][167]LogModuleManager: Shutting down and abandoning module Overlay (260)
[2022.02.20-21.15.53:253][167]LogModuleManager: Shutting down and abandoning module OverlayEditor (259)
[2022.02.20-21.15.53:253][167]LogModuleManager: Shutting down and abandoning module VREditor (256)
[2022.02.20-21.15.53:253][167]LogModuleManager: Shutting down and abandoning module StringTableEditor (254)
[2022.02.20-21.15.53:254][167]LogModuleManager: Shutting down and abandoning module GameplayTasksEditor (252)
[2022.02.20-21.15.53:254][167]LogModuleManager: Shutting down and abandoning module BehaviorTreeEditor (250)
[2022.02.20-21.15.53:254][167]LogModuleManager: Shutting down and abandoning module FunctionalTesting (248)
[2022.02.20-21.15.53:254][167]LogModuleManager: Shutting down and abandoning module CollisionAnalyzer (246)
[2022.02.20-21.15.53:254][167]LogModuleManager: Shutting down and abandoning module WorkspaceMenuStructure (245)
[2022.02.20-21.15.53:254][167]LogModuleManager: Shutting down and abandoning module UMG (242)
[2022.02.20-21.15.53:254][167]LogModuleManager: Shutting down and abandoning module UMGEditor (241)
[2022.02.20-21.15.53:254][167]LogModuleManager: Shutting down and abandoning module Sequencer (240)
[2022.02.20-21.15.53:254][167]LogModuleManager: Shutting down and abandoning module MessageLog (237)
[2022.02.20-21.15.53:254][167]LogModuleManager: Shutting down and abandoning module SlateReflector (232)
[2022.02.20-21.15.53:254][167]LogModuleManager: Shutting down and abandoning module Slate (230)
[2022.02.20-21.15.53:254][167]LogModuleManager: Shutting down and abandoning module SlateCore (228)
[2022.02.20-21.15.53:254][167]LogModuleManager: Shutting down and abandoning module LandscapeEditorUtilities (226)
[2022.02.20-21.15.53:254][167]LogModuleManager: Shutting down and abandoning module UnrealEd (224)
[2022.02.20-21.15.53:254][167]LogModuleManager: Shutting down and abandoning module MRMesh (222)
[2022.02.20-21.15.53:254][167]LogModuleManager: Shutting down and abandoning module Messaging (220)
[2022.02.20-21.15.53:254][167]LogModuleManager: Shutting down and abandoning module SourceCodeAccess (218)
[2022.02.20-21.15.53:254][167]LogModuleManager: Shutting down and abandoning module HeadMountedDisplay (216)
[2022.02.20-21.15.53:254][167]LogModuleManager: Shutting down and abandoning module XAudio2 (214)
[2022.02.20-21.15.53:254][167]LogModuleManager: Shutting down and abandoning module Networking (212)
[2022.02.20-21.15.53:254][167]LogModuleManager: Shutting down and abandoning module Core (210)
[2022.02.20-21.15.53:254][167]LogModuleManager: Shutting down and abandoning module MaterialEditor (208)
[2022.02.20-21.15.53:254][167]LogModuleManager: Shutting down and abandoning module MovieSceneTools (206)
[2022.02.20-21.15.53:254][167]LogModuleManager: Shutting down and abandoning module EditorStyle (205)
[2022.02.20-21.15.53:255][167]LogModuleManager: Shutting down and abandoning module KismetCompiler (202)
[2022.02.20-21.15.53:255][167]LogModuleManager: Shutting down and abandoning module MeshBuilder (200)
[2022.02.20-21.15.53:255][167]LogModuleManager: Shutting down and abandoning module MeshUtilities (198)
[2022.02.20-21.15.53:255][167]LogModuleManager: Shutting down and abandoning module MeshMergeUtilities (197)
[2022.02.20-21.15.53:255][167]LogModuleManager: Shutting down and abandoning module MeshReductionInterface (196)
[2022.02.20-21.15.53:255][167]LogModuleManager: Shutting down and abandoning module MeshBoneReduction (195)
[2022.02.20-21.15.53:255][167]LogModuleManager: Shutting down and abandoning module SkeletalMeshReduction (193)
[2022.02.20-21.15.53:255][167]LogModuleManager: Shutting down and abandoning module ProxyLODMeshReduction (191)
[2022.02.20-21.15.53:255][167]LogModuleManager: Shutting down and abandoning module QuadricMeshReduction (189)
[2022.02.20-21.15.53:255][167]LogModuleManager: Shutting down and abandoning module MaterialBaking (185)
[2022.02.20-21.15.53:255][167]LogModuleManager: Shutting down and abandoning module NullInstallBundleManager (180)
[2022.02.20-21.15.53:255][167]LogModuleManager: Shutting down and abandoning module PIEPreviewDeviceProfileSelector (178)
[2022.02.20-21.15.53:255][167]LogModuleManager: Shutting down and abandoning module DerivedDataCache (176)
[2022.02.20-21.15.53:255][167]LogModuleManager: Shutting down and abandoning module TargetPlatform (174)
[2022.02.20-21.15.53:255][167]LogModuleManager: Shutting down and abandoning module VulkanShaderFormat (173)
[2022.02.20-21.15.53:255][167]LogModuleManager: Shutting down and abandoning module ShaderFormatVectorVM (171)
[2022.02.20-21.15.53:255][167]LogModuleManager: Shutting down and abandoning module ShaderFormatOpenGL (169)
[2022.02.20-21.15.53:255][167]LogModuleManager: Shutting down and abandoning module ShaderFormatD3D (167)
[2022.02.20-21.15.53:255][167]LogModuleManager: Shutting down and abandoning module MetalShaderFormat (165)
[2022.02.20-21.15.53:255][167]LogModuleManager: Shutting down and abandoning module TextureFormatOodle (163)
[2022.02.20-21.15.53:255][167]LogModuleManager: Shutting down and abandoning module TextureFormatUncompressed (161)
[2022.02.20-21.15.53:255][167]LogModuleManager: Shutting down and abandoning module TextureFormatPVR (159)
[2022.02.20-21.15.53:255][167]LogModuleManager: Shutting down and abandoning module TextureFormatETC2 (157)
[2022.02.20-21.15.53:255][167]LogModuleManager: Shutting down and abandoning module TextureFormatDXT (155)
[2022.02.20-21.15.53:255][167]LogModuleManager: Shutting down and abandoning module TextureFormatIntelISPCTexComp (153)
[2022.02.20-21.15.53:255][167]LogModuleManager: Shutting down and abandoning module TextureFormatASTC (151)
[2022.02.20-21.15.53:255][167]LogModuleManager: Shutting down and abandoning module ImageWrapper (150)
[2022.02.20-21.15.53:255][167]LogModuleManager: Shutting down and abandoning module AudioFormatOpus (147)
[2022.02.20-21.15.53:255][167]LogModuleManager: Shutting down and abandoning module AudioFormatOgg (145)
[2022.02.20-21.15.53:255][167]LogModuleManager: Shutting down and abandoning module AudioFormatADPCM (143)
[2022.02.20-21.15.53:255][167]LogModuleManager: Shutting down and abandoning module WindowsServerTargetPlatform (141)
[2022.02.20-21.15.53:255][167]LogModuleManager: Shutting down and abandoning module WindowsClientTargetPlatform (139)
[2022.02.20-21.15.53:255][167]LogModuleManager: Shutting down and abandoning module WindowsTargetPlatform (137)
[2022.02.20-21.15.53:255][167]LogModuleManager: Shutting down and abandoning module WindowsNoEditorTargetPlatform (135)
[2022.02.20-21.15.53:255][167]LogModuleManager: Shutting down and abandoning module D3D11RHI (132)
[2022.02.20-21.15.53:255][167]LogModuleManager: Shutting down and abandoning module InputCore (130)
[2022.02.20-21.15.53:255][167]LogModuleManager: Shutting down and abandoning module Settings (128)
[2022.02.20-21.15.53:255][167]LogModuleManager: Shutting down and abandoning module PhysXCooking (126)
[2022.02.20-21.15.53:255][167]LogModuleManager: Shutting down and abandoning module Chaos (124)
[2022.02.20-21.15.53:255][167]LogModuleManager: Shutting down and abandoning module WindowsPlatformFeatures (122)
[2022.02.20-21.15.53:255][167]LogModuleManager: Shutting down and abandoning module GameplayMediaEncoder (121)
[2022.02.20-21.15.53:255][167]LogModuleManager: Shutting down and abandoning module AVEncoder (120)
[2022.02.20-21.15.53:255][167]LogModuleManager: Shutting down and abandoning module SteamVRInputDevice (116)
[2022.02.20-21.15.53:255][167]LogModuleManager: Shutting down and abandoning module SteamVRInput (114)
[2022.02.20-21.15.53:255][167]LogModuleManager: Shutting down and abandoning module SteamVR (112)
[2022.02.20-21.15.53:255][167]LogHMD: Freeing OpenVRDLLHandle.
[2022.02.20-21.15.53:255][167]LogModuleManager: Shutting down and abandoning module OculusHMD (110)
[2022.02.20-21.15.53:255][167]LogModuleManager: Shutting down and abandoning module PixWinPlugin (108)
[2022.02.20-21.15.53:255][167]LogModuleManager: Shutting down and abandoning module OpenXRHandTracking (106)
[2022.02.20-21.15.53:255][167]LogSlate: Slate User Destroyed.  User Index 0, Is Virtual User: 0
[2022.02.20-21.15.53:255][167]LogModuleManager: Shutting down and abandoning module OpenXREyeTracker (104)
[2022.02.20-21.15.53:255][167]LogModuleManager: Shutting down and abandoning module OpenXRAR (102)
[2022.02.20-21.15.53:255][167]LogModuleManager: Shutting down and abandoning module AugmentedReality (101)
[2022.02.20-21.15.53:255][167]LogModuleManager: Shutting down and abandoning module OpenXRHMD (98)
[2022.02.20-21.15.53:256][167]LogModuleManager: Shutting down and abandoning module ExampleDeviceProfileSelector (96)
[2022.02.20-21.15.53:256][167]LogModuleManager: Shutting down and abandoning module ChunkDownloader (94)
[2022.02.20-21.15.53:256][167]LogModuleManager: Shutting down and abandoning module OnlineBlueprintSupport (92)
[2022.02.20-21.15.53:256][167]LogModuleManager: Shutting down and abandoning module LauncherChunkInstaller (88)
[2022.02.20-21.15.53:256][167]LogModuleManager: Shutting down and abandoning module OnlineSubsystem (86)
[2022.02.20-21.15.53:256][167]LogModuleManager: Shutting down and abandoning module XMPP (81)
[2022.02.20-21.15.53:256][167]LogModuleManager: Shutting down and abandoning module WebSockets (80)
[2022.02.20-21.15.53:273][167]LogModuleManager: Shutting down and abandoning module HTTP (77)
[2022.02.20-21.15.53:273][167]LogHttp: Display: cleaning up 0 outstanding Http requests.
[2022.02.20-21.15.53:302][167]LogModuleManager: Shutting down and abandoning module SSL (76)
[2022.02.20-21.15.53:303][167]LogModuleManager: Shutting down and abandoning module ExrReaderGpu (72)
[2022.02.20-21.15.53:303][167]LogModuleManager: Shutting down and abandoning module WmfMedia (70)
[2022.02.20-21.15.53:304][167]LogModuleManager: Shutting down and abandoning module Media (69)
[2022.02.20-21.15.53:304][167]LogModuleManager: Shutting down and abandoning module MediaInfo (68)
[2022.02.20-21.15.53:304][167]LogModuleManager: Shutting down and abandoning module VariantManagerContent (64)
[2022.02.20-21.15.53:304][167]LogModuleManager: Shutting down and abandoning module MLSDK (62)
[2022.02.20-21.15.53:304][167]LogModuleManager: Shutting down and abandoning module MagicLeap (60)
[2022.02.20-21.15.53:304][167]LogModuleManager: Shutting down and abandoning module NiagaraVertexFactories (58)
[2022.02.20-21.15.53:305][167]LogModuleManager: Shutting down and abandoning module NiagaraShader (56)
[2022.02.20-21.15.53:305][167]LogModuleManager: Shutting down and abandoning module ChaosCloth (54)
[2022.02.20-21.15.53:305][167]LogModuleManager: Shutting down and abandoning module DatasmithContent (52)
[2022.02.20-21.15.53:305][167]LogModuleManager: Shutting down and abandoning module AISupportModule (50)
[2022.02.20-21.15.53:305][167]LogModuleManager: Shutting down and abandoning module DesktopPlatform (48)
[2022.02.20-21.15.53:305][167]LogModuleManager: Shutting down and abandoning module PythonScriptPluginPreload (46)
[2022.02.20-21.15.53:305][167]LogModuleManager: Shutting down and abandoning module PlatformCryptoOpenSSL (44)
[2022.02.20-21.15.53:305][167]LogModuleManager: Shutting down and abandoning module PlatformCryptoTypes (42)
[2022.02.20-21.15.53:305][167]LogModuleManager: Shutting down and abandoning module PlatformCrypto (40)
[2022.02.20-21.15.53:305][167]LogModuleManager: Shutting down and abandoning module OodleDataCompressionFormat (38)
[2022.02.20-21.15.53:305][167]LogModuleManager: Shutting down and abandoning module XGEController (36)
[2022.02.20-21.15.53:305][167]LogModuleManager: Shutting down and abandoning module AnimationModifiers (34)
[2022.02.20-21.15.53:305][167]LogModuleManager: Shutting down and abandoning module AudioEditor (32)
[2022.02.20-21.15.53:305][167]LogModuleManager: Shutting down and abandoning module PropertyEditor (31)
[2022.02.20-21.15.53:305][167]LogModuleManager: Shutting down and abandoning module TextureCompressor (28)
[2022.02.20-21.15.53:305][167]LogModuleManager: Shutting down and abandoning module RenderCore (26)
[2022.02.20-21.15.53:305][167]LogModuleManager: Shutting down and abandoning module Landscape (24)
[2022.02.20-21.15.53:305][167]LogModuleManager: Shutting down and abandoning module SlateRHIRenderer (22)
[2022.02.20-21.15.53:305][167]LogModuleManager: Shutting down and abandoning module AnimGraphRuntime (20)
[2022.02.20-21.15.53:305][167]LogModuleManager: Shutting down and abandoning module Renderer (18)
[2022.02.20-21.15.53:305][167]LogModuleManager: Shutting down and abandoning module Engine (16)
[2022.02.20-21.15.53:305][167]LogModuleManager: Shutting down and abandoning module CoreUObject (14)
[2022.02.20-21.15.53:305][167]LogModuleManager: Shutting down and abandoning module NetworkFile (12)
[2022.02.20-21.15.53:305][167]LogModuleManager: Shutting down and abandoning module CookedIterativeFile (10)
[2022.02.20-21.15.53:305][167]LogModuleManager: Shutting down and abandoning module StreamingFile (8)
[2022.02.20-21.15.53:305][167]LogModuleManager: Shutting down and abandoning module SandboxFile (6)
[2022.02.20-21.15.53:305][167]LogModuleManager: Shutting down and abandoning module PakFile (4)
[2022.02.20-21.15.53:305][167]LogModuleManager: Shutting down and abandoning module RSA (3)
[2022.02.20-21.15.53:682][167]LogContentStreaming: Display: There are 1 unreleased StreamingManagers
[2022.02.20-21.15.53:693][167]LogD3D11RHI: Shutdown
[2022.02.20-21.15.53:693][167]LogD3D11RHI: CleanupD3DDevice
[2022.02.20-21.15.53:694][167]LogExit: Exiting.
[2022.02.20-21.15.53:704][167]Log file closed, 02/20/22 16:15:53
